[ 2017-04-24T09:30:34+08:00 ] ::1 /Thinkphp/index.php
INFO: [ app_init ] --START--
INFO: Run Behavior\BuildLiteBehavior [ RunTime:0.001000s ]
INFO: [ app_init ] --END-- [ RunTime:0.007000s ]
INFO: [ app_begin ] --START--
INFO: Run Behavior\ReadHtmlCacheBehavior [ RunTime:0.005000s ]
INFO: [ app_begin ] --END-- [ RunTime:0.010000s ]
INFO: [ view_parse ] --START--
INFO: [ template_filter ] --START--
INFO: Run Behavior\ContentReplaceBehavior [ RunTime:0.003000s ]
INFO: [ template_filter ] --END-- [ RunTime:0.006000s ]
INFO: Run Behavior\ParseTemplateBehavior [ RunTime:0.171010s ]
INFO: [ view_parse ] --END-- [ RunTime:0.175010s ]
INFO: [ view_filter ] --START--
INFO: Run Behavior\WriteHtmlCacheBehavior [ RunTime:0.002000s ]
INFO: [ view_filter ] --END-- [ RunTime:0.009001s ]
INFO: [ app_end ] --START--
INFO: Run Behavior\ShowPageTraceBehavior [ RunTime:0.069004s ]
INFO: [ app_end ] --END-- [ RunTime:0.072004s ]

[ 2017-04-24T10:09:07+08:00 ] ::1 /Thinkphp/index.php?m=Home&c=User&a=text
INFO: [ app_init ] --START--
INFO: Run Behavior\BuildLiteBehavior [ RunTime:0.000000s ]
INFO: [ app_init ] --END-- [ RunTime:0.009001s ]
INFO: [ app_begin ] --START--
INFO: Run Behavior\ReadHtmlCacheBehavior [ RunTime:0.006001s ]
INFO: [ app_begin ] --END-- [ RunTime:0.011001s ]
ERR: 无法加载控制器:User

[ 2017-04-24T10:09:18+08:00 ] ::1 /Thinkphp/index.php?m=Home&c=User&a=text
INFO: [ app_init ] --START--
INFO: Run Behavior\BuildLiteBehavior [ RunTime:0.001000s ]
INFO: [ app_init ] --END-- [ RunTime:0.007000s ]
INFO: [ app_begin ] --START--
INFO: Run Behavior\ReadHtmlCacheBehavior [ RunTime:0.003000s ]
INFO: [ app_begin ] --END-- [ RunTime:0.007000s ]
ERR: 无法加载控制器:User

[ 2017-04-24T10:09:44+08:00 ] ::1 /Thinkphp/index.php?m=Home&c=User&a=text
INFO: [ app_init ] --START--
INFO: Run Behavior\BuildLiteBehavior [ RunTime:0.000000s ]
INFO: [ app_init ] --END-- [ RunTime:0.005000s ]
INFO: [ app_begin ] --START--
INFO: Run Behavior\ReadHtmlCacheBehavior [ RunTime:0.002001s ]
INFO: [ app_begin ] --END-- [ RunTime:0.007001s ]
INFO: [ app_end ] --START--
INFO: Run Behavior\ShowPageTraceBehavior [ RunTime:0.003001s ]
INFO: [ app_end ] --END-- [ RunTime:0.007001s ]

[ 2017-04-24T13:53:08+08:00 ] ::1 /Thinkphp/index.php?m=Home&c=User&c=login
INFO: [ app_init ] --START--
INFO: Run Behavior\BuildLiteBehavior [ RunTime:0.000000s ]
INFO: [ app_init ] --END-- [ RunTime:0.007001s ]
INFO: [ app_begin ] --START--
INFO: Run Behavior\ReadHtmlCacheBehavior [ RunTime:0.005000s ]
INFO: [ app_begin ] --END-- [ RunTime:0.010000s ]
ERR: 无法加载控制器:Login

[ 2017-04-24T13:56:15+08:00 ] ::1 /Thinkphp/index.php?m=Home&c=User&c=login
INFO: [ app_init ] --START--
INFO: Run Behavior\BuildLiteBehavior [ RunTime:0.001000s ]
INFO: [ app_init ] --END-- [ RunTime:0.005000s ]
INFO: [ app_begin ] --START--
INFO: Run Behavior\ReadHtmlCacheBehavior [ RunTime:0.002000s ]
INFO: [ app_begin ] --END-- [ RunTime:0.007000s ]
ERR: 无法加载控制器:Login

[ 2017-04-24T13:56:21+08:00 ] ::1 /Thinkphp/index.php?m=Home&c=User&c=login
INFO: [ app_init ] --START--
INFO: Run Behavior\BuildLiteBehavior [ RunTime:0.000000s ]
INFO: [ app_init ] --END-- [ RunTime:0.008001s ]
INFO: [ app_begin ] --START--
INFO: Run Behavior\ReadHtmlCacheBehavior [ RunTime:0.002000s ]
INFO: [ app_begin ] --END-- [ RunTime:0.006000s ]
ERR: 无法加载控制器:Login

[ 2017-04-24T13:59:12+08:00 ] ::1 /Thinkphp/index.php?m=Home&c=User&c=login
INFO: [ app_init ] --START--
INFO: Run Behavior\BuildLiteBehavior [ RunTime:0.000000s ]
INFO: [ app_init ] --END-- [ RunTime:0.008000s ]
INFO: [ app_begin ] --START--
INFO: Run Behavior\ReadHtmlCacheBehavior [ RunTime:0.003000s ]
INFO: [ app_begin ] --END-- [ RunTime:0.007001s ]
ERR: 无法加载控制器:Login

[ 2017-04-24T13:59:18+08:00 ] ::1 /Thinkphp/index.php/Home/User/login
INFO: [ app_init ] --START--
INFO: Run Behavior\BuildLiteBehavior [ RunTime:0.000000s ]
INFO: [ app_init ] --END-- [ RunTime:0.005000s ]
INFO: [ app_begin ] --START--
INFO: Run Behavior\ReadHtmlCacheBehavior [ RunTime:0.002000s ]
INFO: [ app_begin ] --END-- [ RunTime:0.006000s ]

[ 2017-04-24T14:00:46+08:00 ] ::1 /Thinkphp/index.php/Home/User/login
INFO: [ app_init ] --START--
INFO: Run Behavior\BuildLiteBehavior [ RunTime:0.000000s ]
INFO: [ app_init ] --END-- [ RunTime:0.006001s ]
INFO: [ app_begin ] --START--
INFO: Run Behavior\ReadHtmlCacheBehavior [ RunTime:0.002000s ]
INFO: [ app_begin ] --END-- [ RunTime:0.005000s ]
NOTIC: [8] Undefined variable: Mode D:\PHP-webapp\Thinkphp\Application\Home\Controller\UserController.class.php 第 11 行.

[ 2017-04-24T14:00:57+08:00 ] ::1 /Thinkphp/index.php/Home/User/login
INFO: [ app_init ] --START--
INFO: Run Behavior\BuildLiteBehavior [ RunTime:0.001000s ]
INFO: [ app_init ] --END-- [ RunTime:0.005000s ]
INFO: [ app_begin ] --START--
INFO: Run Behavior\ReadHtmlCacheBehavior [ RunTime:0.002000s ]
INFO: [ app_begin ] --END-- [ RunTime:0.007000s ]
NOTIC: [8] Undefined variable: Mode D:\PHP-webapp\Thinkphp\Application\Home\Controller\UserController.class.php 第 11 行.

[ 2017-04-24T14:03:08+08:00 ] ::1 /Thinkphp/index.php/Home/User/login
INFO: [ app_init ] --START--
INFO: Run Behavior\BuildLiteBehavior [ RunTime:0.001000s ]
INFO: [ app_init ] --END-- [ RunTime:0.006000s ]
INFO: [ app_begin ] --START--
INFO: Run Behavior\ReadHtmlCacheBehavior [ RunTime:0.003000s ]
INFO: [ app_begin ] --END-- [ RunTime:0.007000s ]
NOTIC: [8] Undefined variable: Mode D:\PHP-webapp\Thinkphp\Application\Home\Controller\UserController.class.php 第 11 行.

[ 2017-04-24T14:09:25+08:00 ] ::1 /Thinkphp/index.php/Home/User/login
INFO: [ app_init ] --START--
INFO: Run Behavior\BuildLiteBehavior [ RunTime:0.001000s ]
INFO: [ app_init ] --END-- [ RunTime:0.006000s ]
INFO: [ app_begin ] --START--
INFO: Run Behavior\ReadHtmlCacheBehavior [ RunTime:0.003000s ]
INFO: [ app_begin ] --END-- [ RunTime:0.007000s ]
SQL: SHOW COLUMNS FROM `employee` [ RunTime:0.0340s ]
NOTIC: [8] Undefined variable: UserMode D:\PHP-webapp\Thinkphp\Application\Home\Controller\UserController.class.php 第 11 行.

[ 2017-04-24T14:16:07+08:00 ] ::1 /Thinkphp/index.php/Home/User/login
INFO: [ app_init ] --START--
INFO: Run Behavior\BuildLiteBehavior [ RunTime:0.000000s ]
INFO: [ app_init ] --END-- [ RunTime:0.005000s ]
INFO: [ app_begin ] --START--
INFO: Run Behavior\ReadHtmlCacheBehavior [ RunTime:0.004000s ]
INFO: [ app_begin ] --END-- [ RunTime:0.007000s ]
SQL: SHOW COLUMNS FROM `employee` [ RunTime:0.0140s ]
NOTIC: [8] Undefined variable: UserMode D:\PHP-webapp\Thinkphp\Application\Home\Controller\UserController.class.php 第 11 行.

[ 2017-04-24T14:17:59+08:00 ] ::1 /Thinkphp/index.php/Home/User/login
INFO: [ app_init ] --START--
INFO: Run Behavior\BuildLiteBehavior [ RunTime:0.001000s ]
INFO: [ app_init ] --END-- [ RunTime:0.006000s ]
INFO: [ app_begin ] --START--
INFO: Run Behavior\ReadHtmlCacheBehavior [ RunTime:0.004000s ]
INFO: [ app_begin ] --END-- [ RunTime:0.010000s ]
SQL: SHOW COLUMNS FROM `employee` [ RunTime:0.0130s ]
NOTIC: [8] Undefined variable: UserMode D:\PHP-webapp\Thinkphp\Application\Home\Controller\UserController.class.php 第 11 行.

[ 2017-04-24T14:19:32+08:00 ] ::1 /Thinkphp/index.php/Home/User/login
INFO: [ app_init ] --START--
INFO: Run Behavior\BuildLiteBehavior [ RunTime:0.001001s ]
INFO: [ app_init ] --END-- [ RunTime:0.006001s ]
INFO: [ app_begin ] --START--
INFO: Run Behavior\ReadHtmlCacheBehavior [ RunTime:0.003000s ]
INFO: [ app_begin ] --END-- [ RunTime:0.006001s ]
SQL: SHOW COLUMNS FROM `employee` [ RunTime:0.0080s ]
NOTIC: [8] Undefined variable: UserMode D:\PHP-webapp\Thinkphp\Application\Home\Controller\UserController.class.php 第 11 行.

[ 2017-04-24T14:20:37+08:00 ] ::1 /Thinkphp/index.php/Home/User/login
INFO: [ app_init ] --START--
INFO: Run Behavior\BuildLiteBehavior [ RunTime:0.000000s ]
INFO: [ app_init ] --END-- [ RunTime:0.006000s ]
INFO: [ app_begin ] --START--
INFO: Run Behavior\ReadHtmlCacheBehavior [ RunTime:0.002000s ]
INFO: [ app_begin ] --END-- [ RunTime:0.006000s ]
SQL: SHOW COLUMNS FROM `employee` [ RunTime:0.0110s ]
NOTIC: [8] Undefined variable: UserMode D:\PHP-webapp\Thinkphp\Application\Home\Controller\UserController.class.php 第 11 行.

[ 2017-04-24T14:22:26+08:00 ] ::1 /Thinkphp/index.php/Home/User/login
INFO: [ app_init ] --START--
INFO: Run Behavior\BuildLiteBehavior [ RunTime:0.001000s ]
INFO: [ app_init ] --END-- [ RunTime:0.006000s ]
INFO: [ app_begin ] --START--
INFO: Run Behavior\ReadHtmlCacheBehavior [ RunTime:0.002000s ]
INFO: [ app_begin ] --END-- [ RunTime:0.008000s ]
SQL: SHOW COLUMNS FROM `employee` [ RunTime:0.0130s ]
NOTIC: [8] Undefined variable: UserMode D:\PHP-webapp\Thinkphp\Application\Home\Controller\UserController.class.php 第 11 行.

[ 2017-04-24T14:22:52+08:00 ] ::1 /Thinkphp/index.php/Home/User/login
INFO: [ app_init ] --START--
INFO: Run Behavior\BuildLiteBehavior [ RunTime:0.000000s ]
INFO: [ app_init ] --END-- [ RunTime:0.007001s ]
INFO: [ app_begin ] --START--
INFO: Run Behavior\ReadHtmlCacheBehavior [ RunTime:0.002000s ]
INFO: [ app_begin ] --END-- [ RunTime:0.007001s ]
SQL: SHOW COLUMNS FROM `employee` [ RunTime:0.0050s ]
INFO: [ app_end ] --START--
INFO: Run Behavior\ShowPageTraceBehavior [ RunTime:0.006000s ]
INFO: [ app_end ] --END-- [ RunTime:0.009000s ]

[ 2017-04-24T14:26:12+08:00 ] ::1 /Thinkphp/index.php/Home/User/login
INFO: [ app_init ] --START--
INFO: Run Behavior\BuildLiteBehavior [ RunTime:0.000000s ]
INFO: [ app_init ] --END-- [ RunTime:0.007001s ]
INFO: [ app_begin ] --START--
INFO: Run Behavior\ReadHtmlCacheBehavior [ RunTime:0.003001s ]
INFO: [ app_begin ] --END-- [ RunTime:0.006001s ]
SQL: SHOW COLUMNS FROM `employee` [ RunTime:0.0090s ]
SQL: SELECT * FROM `employee` WHERE ( number='123456' )  [ RunTime:0.0030s ]
INFO: [ app_end ] --START--
INFO: Run Behavior\ShowPageTraceBehavior [ RunTime:0.003000s ]
INFO: [ app_end ] --END-- [ RunTime:0.008000s ]

[ 2017-04-24T14:42:51+08:00 ] ::1 /Thinkphp/index.php/Home/User/login
INFO: [ app_init ] --START--
INFO: Run Behavior\BuildLiteBehavior [ RunTime:0.000000s ]
INFO: [ app_init ] --END-- [ RunTime:0.009000s ]
INFO: [ app_begin ] --START--
INFO: Run Behavior\ReadHtmlCacheBehavior [ RunTime:0.002000s ]
INFO: [ app_begin ] --END-- [ RunTime:0.006000s ]
SQL: SHOW COLUMNS FROM `employee` [ RunTime:0.0100s ]
SQL: SELECT * FROM `employee` WHERE ( number='123456' )  [ RunTime:0.0120s ]
NOTIC: [8] Use of undefined constant pass - assumed 'pass' D:\PHP-webapp\Thinkphp\Application\Home\Controller\UserController.class.php 第 25 行.
NOTIC: [8] Use of undefined constant eid - assumed 'eid' D:\PHP-webapp\Thinkphp\Application\Home\Controller\UserController.class.php 第 30 行.
ERR: 1146:Table 'crm2.emplyoeejob' doesn't exist
 [ SQL语句 ] : SHOW COLUMNS FROM `emplyoeejob`
ERR: 1146:Table 'crm2.emplyoeejob' doesn't exist
 [ SQL语句 ] : SHOW COLUMNS FROM `emplyoeejob`
NOTIC: [2] Cannot modify header information - headers already sent by (output started at D:\PHP-webapp\Thinkphp\ThinkPHP\Library\Think\Db\Driver.class.php:170) D:\PHP-webapp\Thinkphp\ThinkPHP\Library\Think\Think.class.php 第 229 行.
NOTIC: [2] Cannot modify header information - headers already sent by (output started at D:\PHP-webapp\Thinkphp\ThinkPHP\Library\Think\Db\Driver.class.php:170) D:\PHP-webapp\Thinkphp\ThinkPHP\Library\Think\Think.class.php 第 230 行.

[ 2017-04-24T14:43:01+08:00 ] ::1 /Thinkphp/index.php/Home/User/login
INFO: [ app_init ] --START--
INFO: Run Behavior\BuildLiteBehavior [ RunTime:0.001000s ]
INFO: [ app_init ] --END-- [ RunTime:0.023002s ]
INFO: [ app_begin ] --START--
INFO: Run Behavior\ReadHtmlCacheBehavior [ RunTime:0.004000s ]
INFO: [ app_begin ] --END-- [ RunTime:0.007000s ]
SQL: SHOW COLUMNS FROM `employee` [ RunTime:0.0190s ]
SQL: SELECT * FROM `employee` WHERE ( number='123456' )  [ RunTime:0.0060s ]
NOTIC: [8] Use of undefined constant pass - assumed 'pass' D:\PHP-webapp\Thinkphp\Application\Home\Controller\UserController.class.php 第 25 行.
NOTIC: [8] Use of undefined constant eid - assumed 'eid' D:\PHP-webapp\Thinkphp\Application\Home\Controller\UserController.class.php 第 30 行.
ERR: 1146:Table 'crm2.emplyoeejob' doesn't exist
 [ SQL语句 ] : SHOW COLUMNS FROM `emplyoeejob`
ERR: 1146:Table 'crm2.emplyoeejob' doesn't exist
 [ SQL语句 ] : SHOW COLUMNS FROM `emplyoeejob`
NOTIC: [2] Cannot modify header information - headers already sent by (output started at D:\PHP-webapp\Thinkphp\ThinkPHP\Library\Think\Db\Driver.class.php:170) D:\PHP-webapp\Thinkphp\ThinkPHP\Library\Think\Think.class.php 第 229 行.
NOTIC: [2] Cannot modify header information - headers already sent by (output started at D:\PHP-webapp\Thinkphp\ThinkPHP\Library\Think\Db\Driver.class.php:170) D:\PHP-webapp\Thinkphp\ThinkPHP\Library\Think\Think.class.php 第 230 行.

[ 2017-04-24T14:44:38+08:00 ] ::1 /Thinkphp/index.php/Home/User/login
INFO: [ app_init ] --START--
INFO: Run Behavior\BuildLiteBehavior [ RunTime:0.000000s ]
INFO: [ app_init ] --END-- [ RunTime:0.007001s ]
INFO: [ app_begin ] --START--
INFO: Run Behavior\ReadHtmlCacheBehavior [ RunTime:0.002000s ]
INFO: [ app_begin ] --END-- [ RunTime:0.005001s ]
SQL: SHOW COLUMNS FROM `employee` [ RunTime:0.0070s ]
SQL: SELECT * FROM `employee` WHERE ( number='123456' )  [ RunTime:0.0010s ]
NOTIC: [8] Use of undefined constant pass - assumed 'pass' D:\PHP-webapp\Thinkphp\Application\Home\Controller\UserController.class.php 第 25 行.
NOTIC: [8] Use of undefined constant eid - assumed 'eid' D:\PHP-webapp\Thinkphp\Application\Home\Controller\UserController.class.php 第 30 行.
SQL: SHOW COLUMNS FROM `employeejob` [ RunTime:0.0110s ]
SQL: SELECT m.* FROM employeejob ej,jobmenu jm,menu m WHERE ( ej.jid=jm.jid and jm.mid=m.mid and ej.eid=1 )  [ RunTime:0.0040s ]
INFO: [ app_end ] --START--
INFO: Run Behavior\ShowPageTraceBehavior [ RunTime:0.003000s ]
INFO: [ app_end ] --END-- [ RunTime:0.006000s ]

[ 2017-04-24T14:44:48+08:00 ] ::1 /Thinkphp/index.php/Home/User/login
INFO: [ app_init ] --START--
INFO: Run Behavior\BuildLiteBehavior [ RunTime:0.000000s ]
INFO: [ app_init ] --END-- [ RunTime:0.005000s ]
INFO: [ app_begin ] --START--
INFO: Run Behavior\ReadHtmlCacheBehavior [ RunTime:0.002000s ]
INFO: [ app_begin ] --END-- [ RunTime:0.009001s ]
SQL: SHOW COLUMNS FROM `employee` [ RunTime:0.0060s ]
SQL: SELECT * FROM `employee` WHERE ( number='123456' )  [ RunTime:0.0010s ]
NOTIC: [8] Use of undefined constant pass - assumed 'pass' D:\PHP-webapp\Thinkphp\Application\Home\Controller\UserController.class.php 第 25 行.
NOTIC: [8] Use of undefined constant eid - assumed 'eid' D:\PHP-webapp\Thinkphp\Application\Home\Controller\UserController.class.php 第 30 行.
SQL: SHOW COLUMNS FROM `employeejob` [ RunTime:0.0060s ]
SQL: SELECT m.* FROM employeejob ej,jobmenu jm,menu m WHERE ( ej.jid=jm.jid and jm.mid=m.mid and ej.eid=1 )  [ RunTime:0.0010s ]
INFO: [ app_end ] --START--
INFO: Run Behavior\ShowPageTraceBehavior [ RunTime:0.004001s ]
INFO: [ app_end ] --END-- [ RunTime:0.009001s ]

[ 2017-04-24T14:45:14+08:00 ] ::1 /Thinkphp/index.php/Home/User/login
INFO: [ app_init ] --START--
INFO: Run Behavior\BuildLiteBehavior [ RunTime:0.000000s ]
INFO: [ app_init ] --END-- [ RunTime:0.009000s ]
INFO: [ app_begin ] --START--
INFO: Run Behavior\ReadHtmlCacheBehavior [ RunTime:0.002001s ]
INFO: [ app_begin ] --END-- [ RunTime:0.006001s ]
SQL: SHOW COLUMNS FROM `employee` [ RunTime:0.0060s ]
SQL: SELECT * FROM `employee` WHERE ( number='123456' )  [ RunTime:0.0010s ]
NOTIC: [8] Use of undefined constant pass - assumed 'pass' D:\PHP-webapp\Thinkphp\Application\Home\Controller\UserController.class.php 第 25 行.
NOTIC: [8] Use of undefined constant eid - assumed 'eid' D:\PHP-webapp\Thinkphp\Application\Home\Controller\UserController.class.php 第 30 行.
SQL: SHOW COLUMNS FROM `employeejob` [ RunTime:0.0060s ]
SQL: SELECT m.* FROM employeejob ej,jobmenu jm,menu m WHERE ( ej.jid=jm.jid and jm.mid=m.mid and ej.eid=1 )  [ RunTime:0.0080s ]
INFO: [ app_end ] --START--
INFO: Run Behavior\ShowPageTraceBehavior [ RunTime:0.002000s ]
INFO: [ app_end ] --END-- [ RunTime:0.006001s ]

[ 2017-04-24T14:46:44+08:00 ] ::1 /Thinkphp/index.php/Home/User/login
INFO: [ app_init ] --START--
INFO: Run Behavior\BuildLiteBehavior [ RunTime:0.000000s ]
INFO: [ app_init ] --END-- [ RunTime:0.005001s ]
INFO: [ app_begin ] --START--
INFO: Run Behavior\ReadHtmlCacheBehavior [ RunTime:0.002000s ]
INFO: [ app_begin ] --END-- [ RunTime:0.007001s ]
SQL: SHOW COLUMNS FROM `employee` [ RunTime:0.0060s ]
SQL: SELECT * FROM `employee` WHERE ( number='123456' )  [ RunTime:0.0010s ]
NOTIC: [8] Use of undefined constant pass - assumed 'pass' D:\PHP-webapp\Thinkphp\Application\Home\Controller\UserController.class.php 第 25 行.
NOTIC: [8] Use of undefined constant eid - assumed 'eid' D:\PHP-webapp\Thinkphp\Application\Home\Controller\UserController.class.php 第 30 行.
SQL: SHOW COLUMNS FROM `employeejob` [ RunTime:0.0060s ]
SQL: SELECT m.* FROM employeejob ej,jobmenu jm,menu m WHERE ( ej.jid=jm.jid and jm.mid=m.mid and ej.eid=1 )  [ RunTime:0.0010s ]
INFO: [ app_end ] --START--
INFO: Run Behavior\ShowPageTraceBehavior [ RunTime:0.003000s ]
INFO: [ app_end ] --END-- [ RunTime:0.006001s ]

[ 2017-04-24T14:48:31+08:00 ] ::1 /Thinkphp/index.php/Home/User/login
INFO: [ app_init ] --START--
INFO: Run Behavior\BuildLiteBehavior [ RunTime:0.001000s ]
INFO: [ app_init ] --END-- [ RunTime:0.005000s ]
INFO: [ app_begin ] --START--
INFO: Run Behavior\ReadHtmlCacheBehavior [ RunTime:0.002000s ]
INFO: [ app_begin ] --END-- [ RunTime:0.007001s ]
SQL: SHOW COLUMNS FROM `employee` [ RunTime:0.0160s ]
SQL: SELECT * FROM `employee` WHERE ( number='123456' )  [ RunTime:0.0010s ]
NOTIC: [8] Use of undefined constant pass - assumed 'pass' D:\PHP-webapp\Thinkphp\Application\Home\Controller\UserController.class.php 第 25 行.
NOTIC: [8] Use of undefined constant eid - assumed 'eid' D:\PHP-webapp\Thinkphp\Application\Home\Controller\UserController.class.php 第 30 行.
SQL: SHOW COLUMNS FROM `employeejob` [ RunTime:0.0070s ]
SQL: SELECT m.* FROM employeejob ej,jobmenu jm,menu m WHERE ( ej.jid=jm.jid and jm.mid=m.mid and ej.eid=1 )  [ RunTime:0.0020s ]
INFO: [ app_end ] --START--
INFO: Run Behavior\ShowPageTraceBehavior [ RunTime:0.004000s ]
INFO: [ app_end ] --END-- [ RunTime:0.008000s ]

[ 2017-04-24T14:50:05+08:00 ] ::1 /Thinkphp/index.php/Home/User/login
INFO: [ app_init ] --START--
INFO: Run Behavior\BuildLiteBehavior [ RunTime:0.001000s ]
INFO: [ app_init ] --END-- [ RunTime:0.006000s ]
INFO: [ app_begin ] --START--
INFO: Run Behavior\ReadHtmlCacheBehavior [ RunTime:0.002000s ]
INFO: [ app_begin ] --END-- [ RunTime:0.006000s ]
SQL: SHOW COLUMNS FROM `employee` [ RunTime:0.0110s ]
SQL: SELECT * FROM `employee` WHERE ( number='123456' )  [ RunTime:0.0010s ]
NOTIC: [8] Use of undefined constant pass - assumed 'pass' D:\PHP-webapp\Thinkphp\Application\Home\Controller\UserController.class.php 第 25 行.
NOTIC: [8] Use of undefined constant eid - assumed 'eid' D:\PHP-webapp\Thinkphp\Application\Home\Controller\UserController.class.php 第 30 行.
SQL: SHOW COLUMNS FROM `employeejob` [ RunTime:0.0060s ]
SQL: SELECT m.* FROM employeejob ej,jobmenu jm,menu m WHERE ( ej.jid=jm.jid and jm.mid=m.mid and ej.eid=1 )  [ RunTime:0.0010s ]
INFO: [ app_end ] --START--
INFO: Run Behavior\ShowPageTraceBehavior [ RunTime:0.003000s ]
INFO: [ app_end ] --END-- [ RunTime:0.007000s ]

[ 2017-04-24T14:51:12+08:00 ] ::1 /Thinkphp/index.php/Home/User/login
INFO: [ app_init ] --START--
INFO: Run Behavior\BuildLiteBehavior [ RunTime:0.000000s ]
INFO: [ app_init ] --END-- [ RunTime:0.009001s ]
INFO: [ app_begin ] --START--
INFO: Run Behavior\ReadHtmlCacheBehavior [ RunTime:0.002000s ]
INFO: [ app_begin ] --END-- [ RunTime:0.006000s ]
SQL: SHOW COLUMNS FROM `employee` [ RunTime:0.0050s ]
SQL: SELECT * FROM `employee` WHERE ( number='123456' )  [ RunTime:0.0010s ]
NOTIC: [8] Use of undefined constant pass - assumed 'pass' D:\PHP-webapp\Thinkphp\Application\Home\Controller\UserController.class.php 第 25 行.
NOTIC: [8] Use of undefined constant eid - assumed 'eid' D:\PHP-webapp\Thinkphp\Application\Home\Controller\UserController.class.php 第 30 行.
SQL: SHOW COLUMNS FROM `employeejob` [ RunTime:0.0060s ]
SQL: SELECT m.* FROM employeejob ej,jobmenu jm,menu m WHERE ( ej.jid=jm.jid and jm.mid=m.mid and ej.eid=1 )  [ RunTime:0.0010s ]
INFO: [ app_end ] --START--
INFO: Run Behavior\ShowPageTraceBehavior [ RunTime:0.002000s ]
INFO: [ app_end ] --END-- [ RunTime:0.006000s ]

[ 2017-04-24T14:51:54+08:00 ] ::1 /Thinkphp/index.php/Home/User/login
INFO: [ app_init ] --START--
INFO: Run Behavior\BuildLiteBehavior [ RunTime:0.001000s ]
INFO: [ app_init ] --END-- [ RunTime:0.005001s ]
INFO: [ app_begin ] --START--
INFO: Run Behavior\ReadHtmlCacheBehavior [ RunTime:0.002000s ]
INFO: [ app_begin ] --END-- [ RunTime:0.006000s ]
SQL: SHOW COLUMNS FROM `employee` [ RunTime:0.0110s ]
SQL: SELECT * FROM `employee` WHERE ( number='123456' )  [ RunTime:0.0030s ]
NOTIC: [8] Use of undefined constant pass - assumed 'pass' D:\PHP-webapp\Thinkphp\Application\Home\Controller\UserController.class.php 第 25 行.
NOTIC: [8] Use of undefined constant eid - assumed 'eid' D:\PHP-webapp\Thinkphp\Application\Home\Controller\UserController.class.php 第 30 行.
SQL: SHOW COLUMNS FROM `employeejob` [ RunTime:0.0060s ]
SQL: SELECT m.* FROM employeejob ej,jobmenu jm,menu m WHERE ( ej.jid=jm.jid and jm.mid=m.mid and ej.eid=1 )  [ RunTime:0.0010s ]
INFO: [ app_end ] --START--
INFO: Run Behavior\ShowPageTraceBehavior [ RunTime:0.003000s ]
INFO: [ app_end ] --END-- [ RunTime:0.007000s ]

[ 2017-04-24T15:38:21+08:00 ] ::1 /Thinkphp/index.php/Home/User/login
INFO: [ app_init ] --START--
INFO: Run Behavior\BuildLiteBehavior [ RunTime:0.001000s ]
INFO: [ app_init ] --END-- [ RunTime:0.006000s ]
INFO: [ app_begin ] --START--
INFO: Run Behavior\ReadHtmlCacheBehavior [ RunTime:0.003001s ]
INFO: [ app_begin ] --END-- [ RunTime:0.008001s ]
SQL: SHOW COLUMNS FROM `employee` [ RunTime:0.0060s ]
SQL: SELECT * FROM `employee` WHERE ( number='123456' )  [ RunTime:0.0010s ]
NOTIC: [8] Use of undefined constant pass - assumed 'pass' D:\PHP-webapp\Thinkphp\Application\Home\Controller\UserController.class.php 第 25 行.
NOTIC: [8] Use of undefined constant eid - assumed 'eid' D:\PHP-webapp\Thinkphp\Application\Home\Controller\UserController.class.php 第 30 行.
SQL: SHOW COLUMNS FROM `employeejob` [ RunTime:0.0070s ]
SQL: SELECT m.* FROM employeejob ej,jobmenu jm,menu m WHERE ( ej.jid=jm.jid and jm.mid=m.mid and ej.eid=1 )  [ RunTime:0.0010s ]
INFO: [ app_end ] --START--
INFO: Run Behavior\ShowPageTraceBehavior [ RunTime:0.004001s ]
INFO: [ app_end ] --END-- [ RunTime:0.007001s ]

[ 2017-04-24T17:00:19+08:00 ] ::1 /Thinkphp/index.php/Home/User/login
INFO: [ app_init ] --START--
INFO: Run Behavior\BuildLiteBehavior [ RunTime:0.001000s ]
INFO: [ app_init ] --END-- [ RunTime:0.011001s ]
INFO: [ app_begin ] --START--
INFO: Run Behavior\ReadHtmlCacheBehavior [ RunTime:0.003000s ]
INFO: [ app_begin ] --END-- [ RunTime:0.007001s ]
SQL: SHOW COLUMNS FROM `employee` [ RunTime:0.0210s ]
SQL: SELECT * FROM `employee` WHERE ( number='123456' )  [ RunTime:0.0010s ]
NOTIC: [8] Use of undefined constant pass - assumed 'pass' D:\PHP-webapp\Thinkphp\Application\Home\Controller\UserController.class.php 第 25 行.
NOTIC: [8] Use of undefined constant eid - assumed 'eid' D:\PHP-webapp\Thinkphp\Application\Home\Controller\UserController.class.php 第 30 行.
SQL: SHOW COLUMNS FROM `employeejob` [ RunTime:0.0090s ]
SQL: SELECT m.* FROM employeejob ej,jobmenu jm,menu m WHERE ( ej.jid=jm.jid and jm.mid=m.mid and ej.eid=1 )  [ RunTime:0.0000s ]
INFO: [ app_end ] --START--
INFO: Run Behavior\ShowPageTraceBehavior [ RunTime:0.003000s ]
INFO: [ app_end ] --END-- [ RunTime:0.007000s ]

[ 2017-04-24T17:48:31+08:00 ] ::1 /Thinkphp/index.php/Home/User/reg
INFO: [ app_init ] --START--
INFO: Run Behavior\BuildLiteBehavior [ RunTime:0.000000s ]
INFO: [ app_init ] --END-- [ RunTime:0.006000s ]
INFO: [ app_begin ] --START--
INFO: Run Behavior\ReadHtmlCacheBehavior [ RunTime:0.003000s ]
INFO: [ app_begin ] --END-- [ RunTime:0.007000s ]
SQL: SHOW COLUMNS FROM `employee` [ RunTime:0.0060s ]
INFO: [ app_end ] --START--
INFO: Run Behavior\ShowPageTraceBehavior [ RunTime:0.004000s ]
INFO: [ app_end ] --END-- [ RunTime:0.007001s ]

[ 2017-04-24T17:52:25+08:00 ] ::1 /Thinkphp/index.php/Home/User/reg
INFO: [ app_init ] --START--
INFO: Run Behavior\BuildLiteBehavior [ RunTime:0.000000s ]
INFO: [ app_init ] --END-- [ RunTime:0.007000s ]
INFO: [ app_begin ] --START--
INFO: Run Behavior\ReadHtmlCacheBehavior [ RunTime:0.002000s ]
INFO: [ app_begin ] --END-- [ RunTime:0.006000s ]
SQL: SHOW COLUMNS FROM `employee` [ RunTime:0.0110s ]
SQL: SELECT * FROM `employee` WHERE ( number=1987654 )  [ RunTime:0.0090s ]
INFO: [ app_end ] --START--
INFO: Run Behavior\ShowPageTraceBehavior [ RunTime:0.005000s ]
INFO: [ app_end ] --END-- [ RunTime:0.008000s ]

[ 2017-04-24T17:54:28+08:00 ] ::1 /Thinkphp/index.php/Home/User/reg
INFO: [ app_init ] --START--
INFO: Run Behavior\BuildLiteBehavior [ RunTime:0.000000s ]
INFO: [ app_init ] --END-- [ RunTime:0.005000s ]
INFO: [ app_begin ] --START--
INFO: Run Behavior\ReadHtmlCacheBehavior [ RunTime:0.003000s ]
INFO: [ app_begin ] --END-- [ RunTime:0.008000s ]
SQL: SHOW COLUMNS FROM `employee` [ RunTime:0.0060s ]
SQL: SELECT * FROM `employee` WHERE ( number=1987654 )  [ RunTime:0.0010s ]
INFO: [ app_end ] --START--
INFO: Run Behavior\ShowPageTraceBehavior [ RunTime:0.002000s ]
INFO: [ app_end ] --END-- [ RunTime:0.006001s ]

[ 2017-04-24T18:38:23+08:00 ] ::1 /Thinkphp/index.php/Home/User/reg
INFO: [ app_init ] --START--
INFO: Run Behavior\BuildLiteBehavior [ RunTime:0.001000s ]
INFO: [ app_init ] --END-- [ RunTime:0.006000s ]
INFO: [ app_begin ] --START--
INFO: Run Behavior\ReadHtmlCacheBehavior [ RunTime:0.003000s ]
INFO: [ app_begin ] --END-- [ RunTime:0.006000s ]
SQL: SHOW COLUMNS FROM `employee` [ RunTime:0.0140s ]
SQL: SELECT * FROM `employee` WHERE ( number=1987654 )  [ RunTime:0.0010s ]
SQL: INSERT INTO `employee` (`number`,`pass`,`phone`) VALUES ('1987654','123456','13314788596') [ RunTime:0.0090s ]
INFO: [ app_end ] --START--
INFO: Run Behavior\ShowPageTraceBehavior [ RunTime:0.003001s ]
INFO: [ app_end ] --END-- [ RunTime:0.007001s ]

[ 2017-04-24T18:39:37+08:00 ] ::1 /Thinkphp/index.php/Home/User/reg
INFO: [ app_init ] --START--
INFO: Run Behavior\BuildLiteBehavior [ RunTime:0.001000s ]
INFO: [ app_init ] --END-- [ RunTime:0.005000s ]
INFO: [ app_begin ] --START--
INFO: Run Behavior\ReadHtmlCacheBehavior [ RunTime:0.002000s ]
INFO: [ app_begin ] --END-- [ RunTime:0.006000s ]
SQL: SHOW COLUMNS FROM `employee` [ RunTime:0.0060s ]
SQL: SELECT * FROM `employee` WHERE ( number=987654 )  [ RunTime:0.0010s ]
SQL: INSERT INTO `employee` (`number`,`pass`,`phone`,`turename`) VALUES ('987654','123456','13518794569','娃娃') [ RunTime:0.0040s ]
INFO: [ app_end ] --START--
INFO: Run Behavior\ShowPageTraceBehavior [ RunTime:0.003001s ]
INFO: [ app_end ] --END-- [ RunTime:0.007001s ]

[ 2017-04-24T18:40:37+08:00 ] ::1 /Thinkphp/index.php/Home/User/reg
INFO: [ app_init ] --START--
INFO: Run Behavior\BuildLiteBehavior [ RunTime:0.001000s ]
INFO: [ app_init ] --END-- [ RunTime:0.005000s ]
INFO: [ app_begin ] --START--
INFO: Run Behavior\ReadHtmlCacheBehavior [ RunTime:0.003000s ]
INFO: [ app_begin ] --END-- [ RunTime:0.010000s ]
SQL: SHOW COLUMNS FROM `employee` [ RunTime:0.0060s ]
SQL: SELECT * FROM `employee` WHERE ( number=123458 )  [ RunTime:0.0010s ]
INFO: [ app_end ] --START--
INFO: Run Behavior\ShowPageTraceBehavior [ RunTime:0.003000s ]
INFO: [ app_end ] --END-- [ RunTime:0.006000s ]

[ 2017-04-24T18:41:45+08:00 ] ::1 /Thinkphp/index.php/Home/User/reg
INFO: [ app_init ] --START--
INFO: Run Behavior\BuildLiteBehavior [ RunTime:0.001000s ]
INFO: [ app_init ] --END-- [ RunTime:0.005000s ]
INFO: [ app_begin ] --START--
INFO: Run Behavior\ReadHtmlCacheBehavior [ RunTime:0.003000s ]
INFO: [ app_begin ] --END-- [ RunTime:0.006000s ]
SQL: SHOW COLUMNS FROM `employee` [ RunTime:0.0070s ]
SQL: SELECT * FROM `employee` WHERE ( number=123458 )  [ RunTime:0.0010s ]
INFO: [ app_end ] --START--
INFO: Run Behavior\ShowPageTraceBehavior [ RunTime:0.003000s ]
INFO: [ app_end ] --END-- [ RunTime:0.007000s ]

[ 2017-04-24T18:43:15+08:00 ] ::1 /Thinkphp/index.php/Home/User/reg
INFO: [ app_init ] --START--
INFO: Run Behavior\BuildLiteBehavior [ RunTime:0.001000s ]
INFO: [ app_init ] --END-- [ RunTime:0.014001s ]
INFO: [ app_begin ] --START--
INFO: Run Behavior\ReadHtmlCacheBehavior [ RunTime:0.004000s ]
INFO: [ app_begin ] --END-- [ RunTime:0.007000s ]
SQL: SHOW COLUMNS FROM `employee` [ RunTime:0.0060s ]
SQL: SELECT * FROM `employee` WHERE ( number=123458 )  [ RunTime:0.0010s ]
INFO: [ app_end ] --START--
INFO: Run Behavior\ShowPageTraceBehavior [ RunTime:0.004000s ]
INFO: [ app_end ] --END-- [ RunTime:0.009000s ]

[ 2017-04-24T18:45:34+08:00 ] ::1 /Thinkphp/index.php/Home/User/reg
INFO: [ app_init ] --START--
INFO: Run Behavior\BuildLiteBehavior [ RunTime:0.001000s ]
INFO: [ app_init ] --END-- [ RunTime:0.008000s ]
INFO: [ app_begin ] --START--
INFO: Run Behavior\ReadHtmlCacheBehavior [ RunTime:0.003000s ]
INFO: [ app_begin ] --END-- [ RunTime:0.006000s ]
SQL: SHOW COLUMNS FROM `employee` [ RunTime:0.0080s ]
SQL: SELECT * FROM `employee` WHERE ( number=123458 )  [ RunTime:0.0010s ]
INFO: [ app_end ] --START--
INFO: Run Behavior\ShowPageTraceBehavior [ RunTime:0.004000s ]
INFO: [ app_end ] --END-- [ RunTime:0.006000s ]

[ 2017-04-24T18:49:13+08:00 ] ::1 /Thinkphp/index.php/Home/User/login
INFO: [ app_init ] --START--
INFO: Run Behavior\BuildLiteBehavior [ RunTime:0.001000s ]
INFO: [ app_init ] --END-- [ RunTime:0.006001s ]
INFO: [ app_begin ] --START--
INFO: Run Behavior\ReadHtmlCacheBehavior [ RunTime:0.002000s ]
INFO: [ app_begin ] --END-- [ RunTime:0.006001s ]
SQL: SHOW COLUMNS FROM `employee` [ RunTime:0.0070s ]
SQL: SELECT * FROM `employee` WHERE ( number='1234566' )  [ RunTime:0.0010s ]
INFO: [ app_end ] --START--
INFO: Run Behavior\ShowPageTraceBehavior [ RunTime:0.003000s ]
INFO: [ app_end ] --END-- [ RunTime:0.006000s ]

[ 2017-04-24T18:49:21+08:00 ] ::1 /Thinkphp/index.php/Home/User/login
INFO: [ app_init ] --START--
INFO: Run Behavior\BuildLiteBehavior [ RunTime:0.001000s ]
INFO: [ app_init ] --END-- [ RunTime:0.007000s ]
INFO: [ app_begin ] --START--
INFO: Run Behavior\ReadHtmlCacheBehavior [ RunTime:0.002000s ]
INFO: [ app_begin ] --END-- [ RunTime:0.007000s ]
SQL: SHOW COLUMNS FROM `employee` [ RunTime:0.0050s ]
SQL: SELECT * FROM `employee` WHERE ( number='123456' )  [ RunTime:0.0010s ]
NOTIC: [8] Use of undefined constant pass - assumed 'pass' D:\PHP-webapp\Thinkphp\Application\Home\Controller\UserController.class.php 第 24 行.
INFO: [ app_end ] --START--
INFO: Run Behavior\ShowPageTraceBehavior [ RunTime:0.003000s ]
INFO: [ app_end ] --END-- [ RunTime:0.006000s ]

[ 2017-04-24T18:49:50+08:00 ] ::1 /Thinkphp/index.php/Home/User/login
INFO: [ app_init ] --START--
INFO: Run Behavior\BuildLiteBehavior [ RunTime:0.001000s ]
INFO: [ app_init ] --END-- [ RunTime:0.007000s ]
INFO: [ app_begin ] --START--
INFO: Run Behavior\ReadHtmlCacheBehavior [ RunTime:0.002001s ]
INFO: [ app_begin ] --END-- [ RunTime:0.009001s ]
SQL: SHOW COLUMNS FROM `employee` [ RunTime:0.0140s ]
SQL: SELECT * FROM `employee` WHERE ( number='987654' )  [ RunTime:0.0020s ]
NOTIC: [8] Use of undefined constant pass - assumed 'pass' D:\PHP-webapp\Thinkphp\Application\Home\Controller\UserController.class.php 第 24 行.
NOTIC: [8] Use of undefined constant eid - assumed 'eid' D:\PHP-webapp\Thinkphp\Application\Home\Controller\UserController.class.php 第 29 行.
SQL: SHOW COLUMNS FROM `employeejob` [ RunTime:0.0080s ]
SQL: SELECT m.* FROM employeejob ej,jobmenu jm,menu m WHERE ( ej.jid=jm.jid and jm.mid=m.mid and ej.eid=26 )  [ RunTime:0.0050s ]
INFO: [ app_end ] --START--
INFO: Run Behavior\ShowPageTraceBehavior [ RunTime:0.002000s ]
INFO: [ app_end ] --END-- [ RunTime:0.006000s ]

