[ 2017-04-25T08:36:04+08:00 ] ::1 /Thinkphp/index.php/Home/User/login
INFO: [ app_init ] --START--
INFO: Run Behavior\BuildLiteBehavior [ RunTime:0.001000s ]
INFO: [ app_init ] --END-- [ RunTime:0.006000s ]
INFO: [ app_begin ] --START--
INFO: Run Behavior\ReadHtmlCacheBehavior [ RunTime:0.002000s ]
INFO: [ app_begin ] --END-- [ RunTime:0.006000s ]
SQL: SHOW COLUMNS FROM `employee` [ RunTime:0.0070s ]
SQL: SELECT * FROM `employee` WHERE ( number='123456' )  [ RunTime:0.0010s ]
NOTIC: [8] Use of undefined constant pass - assumed 'pass' D:\PHP-webapp\Thinkphp\Application\Home\Controller\UserController.class.php 第 24 行.
NOTIC: [8] Use of undefined constant eid - assumed 'eid' D:\PHP-webapp\Thinkphp\Application\Home\Controller\UserController.class.php 第 29 行.
SQL: SHOW COLUMNS FROM `employeejob` [ RunTime:0.0070s ]
SQL: SELECT m.* FROM employeejob ej,jobmenu jm,menu m WHERE ( ej.jid=jm.jid and jm.mid=m.mid and ej.eid=1 )  [ RunTime:0.0040s ]
INFO: [ app_end ] --START--
INFO: Run Behavior\ShowPageTraceBehavior [ RunTime:0.002000s ]
INFO: [ app_end ] --END-- [ RunTime:0.006000s ]

[ 2017-04-25T09:18:38+08:00 ] ::1 /Thinkphp/index.php/Home/User/User/login
INFO: [ app_init ] --START--
INFO: Run Behavior\BuildLiteBehavior [ RunTime:0.001000s ]
INFO: [ app_init ] --END-- [ RunTime:0.004001s ]
INFO: [ app_begin ] --START--
INFO: Run Behavior\ReadHtmlCacheBehavior [ RunTime:0.002001s ]
INFO: [ app_begin ] --END-- [ RunTime:0.006001s ]
SQL: SHOW COLUMNS FROM `employee` [ RunTime:0.0100s ]
SQL: SELECT * FROM `employee` WHERE ( number='123456' )  [ RunTime:0.0010s ]
NOTIC: [8] Use of undefined constant pass - assumed 'pass' D:\PHP-webapp\Thinkphp\Application\Home\Controller\User\UserController.class.php 第 24 行.
NOTIC: [8] Use of undefined constant eid - assumed 'eid' D:\PHP-webapp\Thinkphp\Application\Home\Controller\User\UserController.class.php 第 29 行.
SQL: SHOW COLUMNS FROM `employeejob` [ RunTime:0.0040s ]
SQL: SELECT m.* FROM employeejob ej,jobmenu jm,menu m WHERE ( ej.jid=jm.jid and jm.mid=m.mid and ej.eid=1 )  [ RunTime:0.0010s ]
INFO: [ app_end ] --START--
INFO: Run Behavior\ShowPageTraceBehavior [ RunTime:0.002000s ]
INFO: [ app_end ] --END-- [ RunTime:0.006000s ]

[ 2017-04-25T09:50:45+08:00 ] ::1 /Thinkphp/index.php/Home/User/User/login
INFO: [ app_init ] --START--
INFO: Run Behavior\BuildLiteBehavior [ RunTime:0.001000s ]
INFO: [ app_init ] --END-- [ RunTime:0.005001s ]
INFO: [ app_begin ] --START--
INFO: Run Behavior\ReadHtmlCacheBehavior [ RunTime:0.002000s ]
INFO: [ app_begin ] --END-- [ RunTime:0.006001s ]
SQL: SHOW COLUMNS FROM `employee` [ RunTime:0.0140s ]
INFO: [ app_end ] --START--
INFO: Run Behavior\ShowPageTraceBehavior [ RunTime:0.003000s ]
INFO: [ app_end ] --END-- [ RunTime:0.008000s ]

[ 2017-04-25T09:54:57+08:00 ] ::1 /Thinkphp/index.php/Home/User/User/login
INFO: [ app_init ] --START--
INFO: Run Behavior\BuildLiteBehavior [ RunTime:0.002000s ]
INFO: [ app_init ] --END-- [ RunTime:0.008000s ]
INFO: [ app_begin ] --START--
INFO: Run Behavior\ReadHtmlCacheBehavior [ RunTime:0.002000s ]
INFO: [ app_begin ] --END-- [ RunTime:0.007000s ]
SQL: SHOW COLUMNS FROM `employee` [ RunTime:0.0160s ]
SQL: SELECT * FROM `employee` WHERE ( number='123456' )  [ RunTime:0.0010s ]
NOTIC: [8] Use of undefined constant pass - assumed 'pass' D:\PHP-webapp\Thinkphp\Application\Home\Controller\User\UserController.class.php 第 25 行.
NOTIC: [8] Use of undefined constant eid - assumed 'eid' D:\PHP-webapp\Thinkphp\Application\Home\Controller\User\UserController.class.php 第 30 行.
SQL: SHOW COLUMNS FROM `employeejob` [ RunTime:0.0040s ]
SQL: SELECT m.* FROM employeejob ej,jobmenu jm,menu m WHERE ( ej.jid=jm.jid and jm.mid=m.mid and ej.eid=1 )  [ RunTime:0.0010s ]
INFO: [ app_end ] --START--
INFO: Run Behavior\ShowPageTraceBehavior [ RunTime:0.003000s ]
INFO: [ app_end ] --END-- [ RunTime:0.006000s ]

[ 2017-04-25T11:52:12+08:00 ] ::1 /Thinkphp/index.php/Home/User/User/login
INFO: [ app_init ] --START--
INFO: Run Behavior\BuildLiteBehavior [ RunTime:0.001000s ]
INFO: [ app_init ] --END-- [ RunTime:0.005000s ]
INFO: [ app_begin ] --START--
INFO: Run Behavior\ReadHtmlCacheBehavior [ RunTime:0.002001s ]
INFO: [ app_begin ] --END-- [ RunTime:0.006001s ]
SQL: SHOW COLUMNS FROM `employee` [ RunTime:0.0160s ]
SQL: SELECT * FROM `employee` WHERE ( number='123456' )  [ RunTime:0.0010s ]
NOTIC: [8] Use of undefined constant pass - assumed 'pass' D:\PHP-webapp\Thinkphp\Application\Home\Controller\User\UserController.class.php 第 25 行.
NOTIC: [8] Use of undefined constant eid - assumed 'eid' D:\PHP-webapp\Thinkphp\Application\Home\Controller\User\UserController.class.php 第 30 行.
SQL: SHOW COLUMNS FROM `employeejob` [ RunTime:0.0050s ]
SQL: SELECT m.* FROM employeejob ej,jobmenu jm,menu m WHERE ( ej.jid=jm.jid and jm.mid=m.mid and ej.eid=1 )  [ RunTime:0.0010s ]
INFO: [ app_end ] --START--
INFO: Run Behavior\ShowPageTraceBehavior [ RunTime:0.002000s ]
INFO: [ app_end ] --END-- [ RunTime:0.006000s ]

[ 2017-04-25T11:53:06+08:00 ] ::1 /Thinkphp/index.php?c=Employee&a=LaodEmployeeList
INFO: [ app_init ] --START--
INFO: Run Behavior\BuildLiteBehavior [ RunTime:0.002000s ]
INFO: [ app_init ] --END-- [ RunTime:0.006000s ]
INFO: [ app_begin ] --START--
INFO: Run Behavior\ReadHtmlCacheBehavior [ RunTime:0.002000s ]
INFO: [ app_begin ] --END-- [ RunTime:0.004000s ]
ERR: 无法加载控制器:Employee

[ 2017-04-25T13:29:49+08:00 ] ::1 /Thinkphp/index.php/Home/User/laodEmployeeList
INFO: [ app_init ] --START--
INFO: Run Behavior\BuildLiteBehavior [ RunTime:0.002000s ]
INFO: [ app_init ] --END-- [ RunTime:0.007000s ]
INFO: [ app_begin ] --START--
INFO: Run Behavior\ReadHtmlCacheBehavior [ RunTime:0.002000s ]
INFO: [ app_begin ] --END-- [ RunTime:0.006000s ]
ERR: 无法加载控制器:User/laodEmployeeList

[ 2017-04-25T13:30:51+08:00 ] ::1 /Thinkphp/index.php/Home/User/User/laodEmployeeList
INFO: [ app_init ] --START--
INFO: Run Behavior\BuildLiteBehavior [ RunTime:0.001000s ]
INFO: [ app_init ] --END-- [ RunTime:0.005000s ]
INFO: [ app_begin ] --START--
INFO: Run Behavior\ReadHtmlCacheBehavior [ RunTime:0.003000s ]
INFO: [ app_begin ] --END-- [ RunTime:0.005000s ]
SQL: SHOW COLUMNS FROM `employee` [ RunTime:0.0050s ]
SQL: SELECT count(*) FROM `employee` LIMIT 1   [ RunTime:0.0050s ]
SQL: SELECT * FROM `employee` LIMIT 0,10   [ RunTime:0.0010s ]

[ 2017-04-25T13:31:17+08:00 ] ::1 /Thinkphp/index.php/Home/User/User/laodEmployeeList
INFO: [ app_init ] --START--
INFO: Run Behavior\BuildLiteBehavior [ RunTime:0.001000s ]
INFO: [ app_init ] --END-- [ RunTime:0.006000s ]
INFO: [ app_begin ] --START--
INFO: Run Behavior\ReadHtmlCacheBehavior [ RunTime:0.004000s ]
INFO: [ app_begin ] --END-- [ RunTime:0.006000s ]
SQL: SHOW COLUMNS FROM `employee` [ RunTime:0.0050s ]
SQL: SELECT count(*) FROM `employee` LIMIT 1   [ RunTime:0.0010s ]
SQL: SELECT * FROM `employee` LIMIT 0,10   [ RunTime:0.0010s ]

[ 2017-04-25T13:31:20+08:00 ] ::1 /Thinkphp/index.php/Home/User/User/laodEmployeeList
INFO: [ app_init ] --START--
INFO: Run Behavior\BuildLiteBehavior [ RunTime:0.000000s ]
INFO: [ app_init ] --END-- [ RunTime:0.008001s ]
INFO: [ app_begin ] --START--
INFO: Run Behavior\ReadHtmlCacheBehavior [ RunTime:0.002000s ]
INFO: [ app_begin ] --END-- [ RunTime:0.005000s ]
SQL: SHOW COLUMNS FROM `employee` [ RunTime:0.0080s ]
SQL: SELECT count(*) FROM `employee` LIMIT 1   [ RunTime:0.0020s ]
SQL: SELECT * FROM `employee` LIMIT 0,10   [ RunTime:0.0010s ]

[ 2017-04-25T13:47:03+08:00 ] ::1 /Thinkphp/index.php/Home/User/User/laodEmployeeList
INFO: [ app_init ] --START--
INFO: Run Behavior\BuildLiteBehavior [ RunTime:0.001000s ]
INFO: [ app_init ] --END-- [ RunTime:0.005001s ]
INFO: [ app_begin ] --START--
INFO: Run Behavior\ReadHtmlCacheBehavior [ RunTime:0.002000s ]
INFO: [ app_begin ] --END-- [ RunTime:0.005000s ]
SQL: SHOW COLUMNS FROM `employee` [ RunTime:0.0070s ]
SQL: SELECT count(*) FROM `employee` LIMIT 1   [ RunTime:0.0020s ]
SQL: SELECT * FROM `employee` LIMIT 0,3   [ RunTime:0.0010s ]

[ 2017-04-25T13:52:12+08:00 ] ::1 /Thinkphp/index.php/Home/User/User/laodEmployeeList
INFO: [ app_init ] --START--
INFO: Run Behavior\BuildLiteBehavior [ RunTime:0.001000s ]
INFO: [ app_init ] --END-- [ RunTime:0.005000s ]
INFO: [ app_begin ] --START--
INFO: Run Behavior\ReadHtmlCacheBehavior [ RunTime:0.004000s ]
INFO: [ app_begin ] --END-- [ RunTime:0.006000s ]
SQL: SHOW COLUMNS FROM `employee` [ RunTime:0.0050s ]
SQL: SELECT count(*) FROM `employee` LIMIT 1   [ RunTime:0.0010s ]
SQL: SELECT * FROM `employee` LIMIT 0,10   [ RunTime:0.0010s ]

[ 2017-04-25T13:54:02+08:00 ] ::1 /Thinkphp/index.php/Home/User/User/laodEmployeeList
INFO: [ app_init ] --START--
INFO: Run Behavior\BuildLiteBehavior [ RunTime:0.000000s ]
INFO: [ app_init ] --END-- [ RunTime:0.005001s ]
INFO: [ app_begin ] --START--
INFO: Run Behavior\ReadHtmlCacheBehavior [ RunTime:0.002000s ]
INFO: [ app_begin ] --END-- [ RunTime:0.006000s ]
SQL: SHOW COLUMNS FROM `employee` [ RunTime:0.0050s ]
SQL: SELECT count(*) FROM `employee` LIMIT 1   [ RunTime:0.0010s ]
SQL: SELECT * FROM `employee` LIMIT 0,10   [ RunTime:0.0000s ]

[ 2017-04-25T13:54:32+08:00 ] ::1 /Thinkphp/index.php/Home/User/User/laodEmployeeList
INFO: [ app_init ] --START--
INFO: Run Behavior\BuildLiteBehavior [ RunTime:0.000000s ]
INFO: [ app_init ] --END-- [ RunTime:0.005001s ]
INFO: [ app_begin ] --START--
INFO: Run Behavior\ReadHtmlCacheBehavior [ RunTime:0.002000s ]
INFO: [ app_begin ] --END-- [ RunTime:0.005000s ]
SQL: SHOW COLUMNS FROM `employee` [ RunTime:0.0060s ]
SQL: SELECT count(*) FROM `employee` LIMIT 1   [ RunTime:0.0000s ]
SQL: SELECT * FROM `employee` LIMIT 0,3   [ RunTime:0.0010s ]

[ 2017-04-25T13:54:35+08:00 ] ::1 /Thinkphp/index.php/Home/User/User/laodEmployeeList/pageNo/2/pageSize/3
INFO: [ app_init ] --START--
INFO: Run Behavior\BuildLiteBehavior [ RunTime:0.001000s ]
INFO: [ app_init ] --END-- [ RunTime:0.005000s ]
INFO: [ app_begin ] --START--
INFO: Run Behavior\ReadHtmlCacheBehavior [ RunTime:0.002000s ]
INFO: [ app_begin ] --END-- [ RunTime:0.005000s ]
SQL: SHOW COLUMNS FROM `employee` [ RunTime:0.0070s ]
SQL: SELECT count(*) FROM `employee` LIMIT 1   [ RunTime:0.0010s ]
SQL: SELECT * FROM `employee` LIMIT 3,3   [ RunTime:0.0010s ]

[ 2017-04-25T13:58:35+08:00 ] ::1 /Thinkphp/index.php/Home/User/User/laodEmployeeList/pageNo/1/pageSize/3
INFO: [ app_init ] --START--
INFO: Run Behavior\BuildLiteBehavior [ RunTime:0.000000s ]
INFO: [ app_init ] --END-- [ RunTime:0.005000s ]
INFO: [ app_begin ] --START--
INFO: Run Behavior\ReadHtmlCacheBehavior [ RunTime:0.003000s ]
INFO: [ app_begin ] --END-- [ RunTime:0.010001s ]
SQL: SHOW COLUMNS FROM `employee` [ RunTime:0.0120s ]
SQL: SELECT count(*) FROM `employee` LIMIT 1   [ RunTime:0.0010s ]
SQL: SELECT * FROM `employee` LIMIT 0,3   [ RunTime:0.0000s ]

[ 2017-04-25T14:00:14+08:00 ] ::1 /Thinkphp/index.php?c=Job&a=updateLoadJob
INFO: [ app_init ] --START--
INFO: Run Behavior\BuildLiteBehavior [ RunTime:0.001000s ]
INFO: [ app_init ] --END-- [ RunTime:0.005000s ]
INFO: [ app_begin ] --START--
INFO: Run Behavior\ReadHtmlCacheBehavior [ RunTime:0.002000s ]
INFO: [ app_begin ] --END-- [ RunTime:0.005000s ]
ERR: 无法加载控制器:Job

[ 2017-04-25T14:01:26+08:00 ] ::1 /Thinkphp/index.php/Home/User/User/laodEmployeeList
INFO: [ app_init ] --START--
INFO: Run Behavior\BuildLiteBehavior [ RunTime:0.000000s ]
INFO: [ app_init ] --END-- [ RunTime:0.005000s ]
INFO: [ app_begin ] --START--
INFO: Run Behavior\ReadHtmlCacheBehavior [ RunTime:0.002000s ]
INFO: [ app_begin ] --END-- [ RunTime:0.005000s ]
SQL: SHOW COLUMNS FROM `employee` [ RunTime:0.0070s ]
SQL: SELECT count(*) FROM `employee` LIMIT 1   [ RunTime:0.0020s ]
SQL: SELECT * FROM `employee` LIMIT 0,3   [ RunTime:0.0010s ]

[ 2017-04-25T14:04:54+08:00 ] ::1 /Thinkphp/index.php/Home/User/User/laodEmployeeList/pageNo/1/pageSize/5
INFO: [ app_init ] --START--
INFO: Run Behavior\BuildLiteBehavior [ RunTime:0.001000s ]
INFO: [ app_init ] --END-- [ RunTime:0.006000s ]
INFO: [ app_begin ] --START--
INFO: Run Behavior\ReadHtmlCacheBehavior [ RunTime:0.002000s ]
INFO: [ app_begin ] --END-- [ RunTime:0.004000s ]
SQL: SHOW COLUMNS FROM `employee` [ RunTime:0.0090s ]
SQL: SELECT count(*) FROM `employee` LIMIT 1   [ RunTime:0.0010s ]
SQL: SELECT * FROM `employee` LIMIT 0,5   [ RunTime:0.0010s ]

[ 2017-04-25T14:04:59+08:00 ] ::1 /Thinkphp/index.php/Home/User/User/laodEmployeeList/pageNo/1/pageSize/3
INFO: [ app_init ] --START--
INFO: Run Behavior\BuildLiteBehavior [ RunTime:0.000000s ]
INFO: [ app_init ] --END-- [ RunTime:0.005001s ]
INFO: [ app_begin ] --START--
INFO: Run Behavior\ReadHtmlCacheBehavior [ RunTime:0.002000s ]
INFO: [ app_begin ] --END-- [ RunTime:0.005001s ]
SQL: SHOW COLUMNS FROM `employee` [ RunTime:0.0170s ]
SQL: SELECT count(*) FROM `employee` LIMIT 1   [ RunTime:0.0050s ]
SQL: SELECT * FROM `employee` LIMIT 0,3   [ RunTime:0.0010s ]

[ 2017-04-25T14:05:02+08:00 ] ::1 /Thinkphp/index.php/Home/User/User/laodEmployeeList/pageNo/1/pageSize/3
INFO: [ app_init ] --START--
INFO: Run Behavior\BuildLiteBehavior [ RunTime:0.003000s ]
INFO: [ app_init ] --END-- [ RunTime:0.011000s ]
INFO: [ app_begin ] --START--
INFO: Run Behavior\ReadHtmlCacheBehavior [ RunTime:0.002000s ]
INFO: [ app_begin ] --END-- [ RunTime:0.006000s ]
SQL: SHOW COLUMNS FROM `employee` [ RunTime:0.0070s ]
SQL: SELECT count(*) FROM `employee` LIMIT 1   [ RunTime:0.0010s ]
SQL: SELECT * FROM `employee` LIMIT 0,3   [ RunTime:0.0010s ]

[ 2017-04-25T14:05:08+08:00 ] ::1 /Thinkphp/index.php/Home/User/User/laodEmployeeList/pageNo/1/pageSize/20
INFO: [ app_init ] --START--
INFO: Run Behavior\BuildLiteBehavior [ RunTime:0.000000s ]
INFO: [ app_init ] --END-- [ RunTime:0.006001s ]
INFO: [ app_begin ] --START--
INFO: Run Behavior\ReadHtmlCacheBehavior [ RunTime:0.037002s ]
INFO: [ app_begin ] --END-- [ RunTime:0.039002s ]
SQL: SHOW COLUMNS FROM `employee` [ RunTime:0.0050s ]
SQL: SELECT count(*) FROM `employee` LIMIT 1   [ RunTime:0.0010s ]
SQL: SELECT * FROM `employee` LIMIT 0,20   [ RunTime:0.0010s ]

[ 2017-04-25T14:05:11+08:00 ] ::1 /Thinkphp/index.php/Home/User/User/laodEmployeeList/pageNo/1/pageSize/3
INFO: [ app_init ] --START--
INFO: Run Behavior\BuildLiteBehavior [ RunTime:0.001000s ]
INFO: [ app_init ] --END-- [ RunTime:0.006001s ]
INFO: [ app_begin ] --START--
INFO: Run Behavior\ReadHtmlCacheBehavior [ RunTime:0.002000s ]
INFO: [ app_begin ] --END-- [ RunTime:0.005000s ]
SQL: SHOW COLUMNS FROM `employee` [ RunTime:0.0050s ]
SQL: SELECT count(*) FROM `employee` LIMIT 1   [ RunTime:0.0010s ]
SQL: SELECT * FROM `employee` LIMIT 0,3   [ RunTime:0.0010s ]

[ 2017-04-25T14:05:14+08:00 ] ::1 /Thinkphp/index.php/Home/User/User/laodEmployeeList/pageNo/2/pageSize/3
INFO: [ app_init ] --START--
INFO: Run Behavior\BuildLiteBehavior [ RunTime:0.001000s ]
INFO: [ app_init ] --END-- [ RunTime:0.005000s ]
INFO: [ app_begin ] --START--
INFO: Run Behavior\ReadHtmlCacheBehavior [ RunTime:0.002000s ]
INFO: [ app_begin ] --END-- [ RunTime:0.005000s ]
SQL: SHOW COLUMNS FROM `employee` [ RunTime:0.0150s ]
SQL: SELECT count(*) FROM `employee` LIMIT 1   [ RunTime:0.0020s ]
SQL: SELECT * FROM `employee` LIMIT 3,3   [ RunTime:0.0010s ]

[ 2017-04-25T14:16:38+08:00 ] ::1 /Thinkphp/index.php/Home/User/User/laodEmployeeList/pageNo/1/pageSize/3
INFO: [ app_init ] --START--
INFO: Run Behavior\BuildLiteBehavior [ RunTime:0.001000s ]
INFO: [ app_init ] --END-- [ RunTime:0.005000s ]
INFO: [ app_begin ] --START--
INFO: Run Behavior\ReadHtmlCacheBehavior [ RunTime:0.003000s ]
INFO: [ app_begin ] --END-- [ RunTime:0.005000s ]
SQL: SHOW COLUMNS FROM `employee` [ RunTime:0.0150s ]
SQL: SELECT count(*) FROM `employee` LIMIT 1   [ RunTime:0.0010s ]
SQL: SELECT * FROM `employee` LIMIT 0,3   [ RunTime:0.0020s ]

[ 2017-04-25T14:16:47+08:00 ] ::1 /Thinkphp/index.php/Home/User/User/laodEmployeeList/pageNo/2/pageSize/3
INFO: [ app_init ] --START--
INFO: Run Behavior\BuildLiteBehavior [ RunTime:0.001000s ]
INFO: [ app_init ] --END-- [ RunTime:0.005000s ]
INFO: [ app_begin ] --START--
INFO: Run Behavior\ReadHtmlCacheBehavior [ RunTime:0.002000s ]
INFO: [ app_begin ] --END-- [ RunTime:0.006000s ]
SQL: SHOW COLUMNS FROM `employee` [ RunTime:0.0080s ]
SQL: SELECT count(*) FROM `employee` LIMIT 1   [ RunTime:0.0080s ]
SQL: SELECT * FROM `employee` LIMIT 3,3   [ RunTime:0.0010s ]

[ 2017-04-25T14:16:51+08:00 ] ::1 /Thinkphp/index.php/Home/User/User/laodEmployeeList/pageNo/1/pageSize/3
INFO: [ app_init ] --START--
INFO: Run Behavior\BuildLiteBehavior [ RunTime:0.000000s ]
INFO: [ app_init ] --END-- [ RunTime:0.006001s ]
INFO: [ app_begin ] --START--
INFO: Run Behavior\ReadHtmlCacheBehavior [ RunTime:0.002000s ]
INFO: [ app_begin ] --END-- [ RunTime:0.005001s ]
SQL: SHOW COLUMNS FROM `employee` [ RunTime:0.0160s ]
SQL: SELECT count(*) FROM `employee` LIMIT 1   [ RunTime:0.0010s ]
SQL: SELECT * FROM `employee` LIMIT 0,3   [ RunTime:0.0010s ]

[ 2017-04-25T14:29:57+08:00 ] ::1 /Thinkphp/index.php/Home/User/User/laodEmployeeList
INFO: [ app_init ] --START--
INFO: Run Behavior\BuildLiteBehavior [ RunTime:0.001000s ]
INFO: [ app_init ] --END-- [ RunTime:0.005000s ]
INFO: [ app_begin ] --START--
INFO: Run Behavior\ReadHtmlCacheBehavior [ RunTime:0.002001s ]
INFO: [ app_begin ] --END-- [ RunTime:0.005001s ]
SQL: SHOW COLUMNS FROM `employee` [ RunTime:0.0070s ]
SQL: SELECT COUNT(*) AS tp_count FROM `employee` LIMIT 1   [ RunTime:0.0010s ]
SQL: SELECT * FROM `employee` LIMIT 0,3   [ RunTime:0.0020s ]

[ 2017-04-25T14:30:01+08:00 ] ::1 /Thinkphp/index.php/Home/User/User/laodEmployeeList/pageNo/2/pageSize/3
INFO: [ app_init ] --START--
INFO: Run Behavior\BuildLiteBehavior [ RunTime:0.001000s ]
INFO: [ app_init ] --END-- [ RunTime:0.005001s ]
INFO: [ app_begin ] --START--
INFO: Run Behavior\ReadHtmlCacheBehavior [ RunTime:0.002000s ]
INFO: [ app_begin ] --END-- [ RunTime:0.005000s ]
SQL: SHOW COLUMNS FROM `employee` [ RunTime:0.0090s ]
SQL: SELECT COUNT(*) AS tp_count FROM `employee` LIMIT 1   [ RunTime:0.0010s ]
SQL: SELECT * FROM `employee` LIMIT 3,3   [ RunTime:0.0010s ]

[ 2017-04-25T14:30:05+08:00 ] ::1 /Thinkphp/index.php/Home/User/User/laodEmployeeList/pageNo/1/pageSize/3
INFO: [ app_init ] --START--
INFO: Run Behavior\BuildLiteBehavior [ RunTime:0.001000s ]
INFO: [ app_init ] --END-- [ RunTime:0.005001s ]
INFO: [ app_begin ] --START--
INFO: Run Behavior\ReadHtmlCacheBehavior [ RunTime:0.002001s ]
INFO: [ app_begin ] --END-- [ RunTime:0.005001s ]
SQL: SHOW COLUMNS FROM `employee` [ RunTime:0.0150s ]
SQL: SELECT COUNT(*) AS tp_count FROM `employee` LIMIT 1   [ RunTime:0.0010s ]
SQL: SELECT * FROM `employee` LIMIT 0,3   [ RunTime:0.0010s ]

[ 2017-04-25T15:37:26+08:00 ] ::1 /Thinkphp/index.php/Home/User/User/login
INFO: [ app_init ] --START--
INFO: Run Behavior\BuildLiteBehavior [ RunTime:0.000000s ]
INFO: [ app_init ] --END-- [ RunTime:0.006000s ]
INFO: [ app_begin ] --START--
INFO: Run Behavior\ReadHtmlCacheBehavior [ RunTime:0.002000s ]
INFO: [ app_begin ] --END-- [ RunTime:0.005000s ]
SQL: SHOW COLUMNS FROM `employee` [ RunTime:0.0050s ]
SQL: SELECT * FROM `employee` WHERE ( number='123458' )  [ RunTime:0.0010s ]
NOTIC: [8] Use of undefined constant pass - assumed 'pass' D:\PHP-webapp\Thinkphp\Application\Home\Controller\User\UserController.class.php 第 25 行.
NOTIC: [8] Use of undefined constant eid - assumed 'eid' D:\PHP-webapp\Thinkphp\Application\Home\Controller\User\UserController.class.php 第 30 行.
SQL: SHOW COLUMNS FROM `employeejob` [ RunTime:0.0050s ]
SQL: SELECT m.* FROM employeejob ej,jobmenu jm,menu m WHERE ( ej.jid=jm.jid and jm.mid=m.mid and ej.eid=3 )  [ RunTime:0.0010s ]
INFO: [ app_end ] --START--
INFO: Run Behavior\ShowPageTraceBehavior [ RunTime:0.002000s ]
INFO: [ app_end ] --END-- [ RunTime:0.006000s ]

[ 2017-04-25T15:53:04+08:00 ] ::1 /Thinkphp/index.php/Home/Complain/Complain/LaodComplainList
INFO: [ app_init ] --START--
INFO: Run Behavior\BuildLiteBehavior [ RunTime:0.000000s ]
INFO: [ app_init ] --END-- [ RunTime:0.005000s ]
INFO: [ app_begin ] --START--
INFO: Run Behavior\ReadHtmlCacheBehavior [ RunTime:0.003000s ]
INFO: [ app_begin ] --END-- [ RunTime:0.005000s ]
SQL: SHOW COLUMNS FROM `complain` [ RunTime:0.0100s ]
SQL: SELECT COUNT(*) AS tp_count FROM `complain` LIMIT 1   [ RunTime:0.0020s ]
SQL: SELECT * FROM `complain` LIMIT 0,10   [ RunTime:0.0010s ]

[ 2017-04-25T15:54:49+08:00 ] ::1 /Thinkphp/index.php/Home/Complain/Complain/LaodComplainList
INFO: [ app_init ] --START--
INFO: Run Behavior\BuildLiteBehavior [ RunTime:0.000000s ]
INFO: [ app_init ] --END-- [ RunTime:0.005000s ]
INFO: [ app_begin ] --START--
INFO: Run Behavior\ReadHtmlCacheBehavior [ RunTime:0.002000s ]
INFO: [ app_begin ] --END-- [ RunTime:0.004000s ]
SQL: SHOW COLUMNS FROM `complain` [ RunTime:0.0090s ]
SQL: SELECT COUNT(*) AS tp_count FROM `complain` LIMIT 1   [ RunTime:0.0000s ]
SQL: SELECT * FROM `complain` LIMIT 0,10   [ RunTime:0.0020s ]

[ 2017-04-25T15:56:48+08:00 ] ::1 /Thinkphp/index.php/Home/Complain/Complain/LaodComplainList
INFO: [ app_init ] --START--
INFO: Run Behavior\BuildLiteBehavior [ RunTime:0.001000s ]
INFO: [ app_init ] --END-- [ RunTime:0.005000s ]
INFO: [ app_begin ] --START--
INFO: Run Behavior\ReadHtmlCacheBehavior [ RunTime:0.002000s ]
INFO: [ app_begin ] --END-- [ RunTime:0.005000s ]
SQL: SHOW COLUMNS FROM `complain` [ RunTime:0.0160s ]
SQL: SELECT COUNT(*) AS tp_count FROM `complain` LIMIT 1   [ RunTime:0.0010s ]
SQL: SELECT * FROM `complain` LIMIT 0,1   [ RunTime:0.0020s ]

[ 2017-04-25T15:56:52+08:00 ] ::1 /Thinkphp/index.php/Home/Complain/Complain/LaodComplainList/2/pageSize/1
INFO: [ app_init ] --START--
INFO: Run Behavior\BuildLiteBehavior [ RunTime:0.001000s ]
INFO: [ app_init ] --END-- [ RunTime:0.005000s ]
INFO: [ app_begin ] --START--
INFO: Run Behavior\ReadHtmlCacheBehavior [ RunTime:0.002000s ]
INFO: [ app_begin ] --END-- [ RunTime:0.005000s ]
SQL: SHOW COLUMNS FROM `complain` [ RunTime:0.0110s ]
SQL: SELECT COUNT(*) AS tp_count FROM `complain` LIMIT 1   [ RunTime:0.0010s ]
SQL: SELECT * FROM `complain` LIMIT 0,1   [ RunTime:0.0010s ]

[ 2017-04-25T15:57:00+08:00 ] ::1 /Thinkphp/index.php/Home/Complain/Complain/LaodComplainList/1/pageSize/1
INFO: [ app_init ] --START--
INFO: Run Behavior\BuildLiteBehavior [ RunTime:0.000000s ]
INFO: [ app_init ] --END-- [ RunTime:0.005000s ]
INFO: [ app_begin ] --START--
INFO: Run Behavior\ReadHtmlCacheBehavior [ RunTime:0.002000s ]
INFO: [ app_begin ] --END-- [ RunTime:0.005000s ]
SQL: SHOW COLUMNS FROM `complain` [ RunTime:0.0070s ]
SQL: SELECT COUNT(*) AS tp_count FROM `complain` LIMIT 1   [ RunTime:0.0010s ]
SQL: SELECT * FROM `complain` LIMIT 0,1   [ RunTime:0.0010s ]

[ 2017-04-25T15:57:06+08:00 ] ::1 /Thinkphp/index.php/Home/Complain/Complain/LaodComplainList/2/pageSize/1
INFO: [ app_init ] --START--
INFO: Run Behavior\BuildLiteBehavior [ RunTime:0.001000s ]
INFO: [ app_init ] --END-- [ RunTime:0.005001s ]
INFO: [ app_begin ] --START--
INFO: Run Behavior\ReadHtmlCacheBehavior [ RunTime:0.002000s ]
INFO: [ app_begin ] --END-- [ RunTime:0.007001s ]
SQL: SHOW COLUMNS FROM `complain` [ RunTime:0.0130s ]
SQL: SELECT COUNT(*) AS tp_count FROM `complain` LIMIT 1   [ RunTime:0.0020s ]
SQL: SELECT * FROM `complain` LIMIT 0,1   [ RunTime:0.0010s ]

[ 2017-04-25T15:57:12+08:00 ] ::1 /Thinkphp/index.php/Home/Complain/Complain/LaodComplainList/1/pageSize/3
INFO: [ app_init ] --START--
INFO: Run Behavior\BuildLiteBehavior [ RunTime:0.001000s ]
INFO: [ app_init ] --END-- [ RunTime:0.006000s ]
INFO: [ app_begin ] --START--
INFO: Run Behavior\ReadHtmlCacheBehavior [ RunTime:0.002001s ]
INFO: [ app_begin ] --END-- [ RunTime:0.005001s ]
SQL: SHOW COLUMNS FROM `complain` [ RunTime:0.0120s ]
SQL: SELECT COUNT(*) AS tp_count FROM `complain` LIMIT 1   [ RunTime:0.0010s ]
SQL: SELECT * FROM `complain` LIMIT 0,1   [ RunTime:0.0010s ]

[ 2017-04-25T15:59:24+08:00 ] ::1 /Thinkphp/index.php/Home/Complain/Complain/LaodComplainList
INFO: [ app_init ] --START--
INFO: Run Behavior\BuildLiteBehavior [ RunTime:0.001000s ]
INFO: [ app_init ] --END-- [ RunTime:0.005000s ]
INFO: [ app_begin ] --START--
INFO: Run Behavior\ReadHtmlCacheBehavior [ RunTime:0.002000s ]
INFO: [ app_begin ] --END-- [ RunTime:0.006000s ]
SQL: SHOW COLUMNS FROM `complain` [ RunTime:0.0050s ]
SQL: SELECT COUNT(*) AS tp_count FROM `complain` LIMIT 1   [ RunTime:0.0040s ]
SQL: SELECT * FROM `complain` LIMIT 0,3   [ RunTime:0.0010s ]

[ 2017-04-25T16:00:52+08:00 ] ::1 /Thinkphp/index.php/Home/Complain/Complain/LaodComplainList
INFO: [ app_init ] --START--
INFO: Run Behavior\BuildLiteBehavior [ RunTime:0.001000s ]
INFO: [ app_init ] --END-- [ RunTime:0.005001s ]
INFO: [ app_begin ] --START--
INFO: Run Behavior\ReadHtmlCacheBehavior [ RunTime:0.002000s ]
INFO: [ app_begin ] --END-- [ RunTime:0.005001s ]
SQL: SHOW COLUMNS FROM `complain` [ RunTime:0.0170s ]
SQL: SELECT COUNT(*) AS tp_count FROM `complain` LIMIT 1   [ RunTime:0.0010s ]
SQL: SELECT * FROM `complain` LIMIT 0,1   [ RunTime:0.0010s ]

[ 2017-04-25T16:00:55+08:00 ] ::1 /Thinkphp/index.php/Home/Complain/Complain/LaodComplainList/2/pageSize/1
INFO: [ app_init ] --START--
INFO: Run Behavior\BuildLiteBehavior [ RunTime:0.001000s ]
INFO: [ app_init ] --END-- [ RunTime:0.006001s ]
INFO: [ app_begin ] --START--
INFO: Run Behavior\ReadHtmlCacheBehavior [ RunTime:0.003000s ]
INFO: [ app_begin ] --END-- [ RunTime:0.005000s ]
SQL: SHOW COLUMNS FROM `complain` [ RunTime:0.0060s ]
SQL: SELECT COUNT(*) AS tp_count FROM `complain` LIMIT 1   [ RunTime:0.0010s ]
SQL: SELECT * FROM `complain` LIMIT 0,1   [ RunTime:0.0000s ]

[ 2017-04-25T16:00:59+08:00 ] ::1 /Thinkphp/index.php/Home/Complain/Complain/LaodComplainList/1/pageSize/1
INFO: [ app_init ] --START--
INFO: Run Behavior\BuildLiteBehavior [ RunTime:0.000000s ]
INFO: [ app_init ] --END-- [ RunTime:0.006001s ]
INFO: [ app_begin ] --START--
INFO: Run Behavior\ReadHtmlCacheBehavior [ RunTime:0.002000s ]
INFO: [ app_begin ] --END-- [ RunTime:0.005001s ]
SQL: SHOW COLUMNS FROM `complain` [ RunTime:0.0100s ]
SQL: SELECT COUNT(*) AS tp_count FROM `complain` LIMIT 1   [ RunTime:0.0010s ]
SQL: SELECT * FROM `complain` LIMIT 0,1   [ RunTime:0.0010s ]

[ 2017-04-25T16:01:03+08:00 ] ::1 /Thinkphp/index.php/Home/Complain/Complain/LaodComplainList/2/pageSize/1
INFO: [ app_init ] --START--
INFO: Run Behavior\BuildLiteBehavior [ RunTime:0.001000s ]
INFO: [ app_init ] --END-- [ RunTime:0.005000s ]
INFO: [ app_begin ] --START--
INFO: Run Behavior\ReadHtmlCacheBehavior [ RunTime:0.002000s ]
INFO: [ app_begin ] --END-- [ RunTime:0.005001s ]
SQL: SHOW COLUMNS FROM `complain` [ RunTime:0.0090s ]
SQL: SELECT COUNT(*) AS tp_count FROM `complain` LIMIT 1   [ RunTime:0.0010s ]
SQL: SELECT * FROM `complain` LIMIT 0,1   [ RunTime:0.0010s ]

[ 2017-04-25T16:01:21+08:00 ] ::1 /Thinkphp/index.php/Home/Complain/Complain/LaodComplainList/1/pageSize/3
INFO: [ app_init ] --START--
INFO: Run Behavior\BuildLiteBehavior [ RunTime:0.001000s ]
INFO: [ app_init ] --END-- [ RunTime:0.004000s ]
INFO: [ app_begin ] --START--
INFO: Run Behavior\ReadHtmlCacheBehavior [ RunTime:0.002000s ]
INFO: [ app_begin ] --END-- [ RunTime:0.005000s ]
SQL: SHOW COLUMNS FROM `complain` [ RunTime:0.0080s ]
SQL: SELECT COUNT(*) AS tp_count FROM `complain` LIMIT 1   [ RunTime:0.0010s ]
SQL: SELECT * FROM `complain` LIMIT 0,1   [ RunTime:0.0010s ]

[ 2017-04-25T16:04:50+08:00 ] ::1 /Thinkphp/index.php/Home/Complain/Complain/LaodComplainList
INFO: [ app_init ] --START--
INFO: Run Behavior\BuildLiteBehavior [ RunTime:0.000000s ]
INFO: [ app_init ] --END-- [ RunTime:0.005001s ]
INFO: [ app_begin ] --START--
INFO: Run Behavior\ReadHtmlCacheBehavior [ RunTime:0.003000s ]
INFO: [ app_begin ] --END-- [ RunTime:0.007001s ]
SQL: SHOW COLUMNS FROM `complain` [ RunTime:0.0050s ]
SQL: SELECT COUNT(*) AS tp_count FROM `complain` LIMIT 1   [ RunTime:0.0010s ]
SQL: SELECT * FROM `complain` LIMIT 0,1   [ RunTime:0.0010s ]

[ 2017-04-25T16:05:12+08:00 ] ::1 /Thinkphp/index.php/Home/Complain/Complain/LaodComplainList
INFO: [ app_init ] --START--
INFO: Run Behavior\BuildLiteBehavior [ RunTime:0.001000s ]
INFO: [ app_init ] --END-- [ RunTime:0.005000s ]
INFO: [ app_begin ] --START--
INFO: Run Behavior\ReadHtmlCacheBehavior [ RunTime:0.002000s ]
INFO: [ app_begin ] --END-- [ RunTime:0.005000s ]
SQL: SHOW COLUMNS FROM `complain` [ RunTime:0.0150s ]
SQL: SELECT COUNT(*) AS tp_count FROM `complain` LIMIT 1   [ RunTime:0.0010s ]
SQL: SELECT * FROM `complain` LIMIT 0,3   [ RunTime:0.0010s ]

[ 2017-04-25T16:13:38+08:00 ] ::1 /Thinkphp/index.php/Home/Houses/Houses/laodHousesList
INFO: [ app_init ] --START--
INFO: Run Behavior\BuildLiteBehavior [ RunTime:0.001000s ]
INFO: [ app_init ] --END-- [ RunTime:0.005000s ]
INFO: [ app_begin ] --START--
INFO: Run Behavior\ReadHtmlCacheBehavior [ RunTime:0.002000s ]
INFO: [ app_begin ] --END-- [ RunTime:0.005000s ]
SQL: SHOW COLUMNS FROM `houses` [ RunTime:0.0060s ]
SQL: SELECT COUNT(*) AS tp_count FROM `houses` LIMIT 1   [ RunTime:0.0010s ]
SQL: SELECT * FROM `houses` LIMIT 0,10   [ RunTime:0.0020s ]

[ 2017-04-25T16:14:55+08:00 ] ::1 /Thinkphp/index.php/Home/Houses/Houses/laodHousesList
INFO: [ app_init ] --START--
INFO: Run Behavior\BuildLiteBehavior [ RunTime:0.000000s ]
INFO: [ app_init ] --END-- [ RunTime:0.005000s ]
INFO: [ app_begin ] --START--
INFO: Run Behavior\ReadHtmlCacheBehavior [ RunTime:0.002000s ]
INFO: [ app_begin ] --END-- [ RunTime:0.005000s ]
SQL: SHOW COLUMNS FROM `houses` [ RunTime:0.0090s ]
SQL: SELECT COUNT(*) AS tp_count FROM `houses` LIMIT 1   [ RunTime:0.0000s ]
SQL: SELECT * FROM `houses` LIMIT 0,10   [ RunTime:0.0010s ]

[ 2017-04-25T16:15:10+08:00 ] ::1 /Thinkphp/index.php/Home/Complain/Complain/LaodComplainList
INFO: [ app_init ] --START--
INFO: Run Behavior\BuildLiteBehavior [ RunTime:0.000000s ]
INFO: [ app_init ] --END-- [ RunTime:0.006000s ]
INFO: [ app_begin ] --START--
INFO: Run Behavior\ReadHtmlCacheBehavior [ RunTime:0.002000s ]
INFO: [ app_begin ] --END-- [ RunTime:0.007000s ]
SQL: SHOW COLUMNS FROM `complain` [ RunTime:0.0060s ]
SQL: SELECT COUNT(*) AS tp_count FROM `complain` LIMIT 1   [ RunTime:0.0010s ]
SQL: SELECT * FROM `complain` LIMIT 0,3   [ RunTime:0.0030s ]

[ 2017-04-25T16:15:13+08:00 ] ::1 /Thinkphp/index.php/Home/Houses/Houses/laodHousesList
INFO: [ app_init ] --START--
INFO: Run Behavior\BuildLiteBehavior [ RunTime:0.001000s ]
INFO: [ app_init ] --END-- [ RunTime:0.005000s ]
INFO: [ app_begin ] --START--
INFO: Run Behavior\ReadHtmlCacheBehavior [ RunTime:0.002000s ]
INFO: [ app_begin ] --END-- [ RunTime:0.007000s ]
SQL: SHOW COLUMNS FROM `houses` [ RunTime:0.0170s ]
SQL: SELECT COUNT(*) AS tp_count FROM `houses` LIMIT 1   [ RunTime:0.0010s ]
SQL: SELECT * FROM `houses` LIMIT 0,10   [ RunTime:0.0010s ]

[ 2017-04-25T16:18:55+08:00 ] ::1 /Thinkphp/index.php/Home/Complain/Complain/LaodComplainList
INFO: [ app_init ] --START--
INFO: Run Behavior\BuildLiteBehavior [ RunTime:0.001000s ]
INFO: [ app_init ] --END-- [ RunTime:0.004000s ]
INFO: [ app_begin ] --START--
INFO: Run Behavior\ReadHtmlCacheBehavior [ RunTime:0.003000s ]
INFO: [ app_begin ] --END-- [ RunTime:0.005001s ]
SQL: SHOW COLUMNS FROM `complain` [ RunTime:0.0080s ]
SQL: SELECT COUNT(*) AS tp_count FROM `complain` LIMIT 1   [ RunTime:0.0000s ]
SQL: SELECT * FROM `complain` LIMIT 0,3   [ RunTime:0.0020s ]

[ 2017-04-25T16:30:47+08:00 ] ::1 /Thinkphp/index.php/Home/Schedule/Schedule/laodScheduleList
INFO: [ app_init ] --START--
INFO: Run Behavior\BuildLiteBehavior [ RunTime:0.001000s ]
INFO: [ app_init ] --END-- [ RunTime:0.006000s ]
INFO: [ app_begin ] --START--
INFO: Run Behavior\ReadHtmlCacheBehavior [ RunTime:0.003000s ]
INFO: [ app_begin ] --END-- [ RunTime:0.005000s ]
SQL: SHOW COLUMNS FROM `schedule` [ RunTime:0.0050s ]
SQL: SELECT COUNT(*) AS tp_count FROM `schedule` LIMIT 1   [ RunTime:0.0010s ]
SQL: SELECT * FROM `schedule` LIMIT 0,10   [ RunTime:0.0010s ]

[ 2017-04-25T16:31:21+08:00 ] ::1 /Thinkphp/index.php/Home/Schedule/Schedule/laodScheduleList
INFO: [ app_init ] --START--
INFO: Run Behavior\BuildLiteBehavior [ RunTime:0.001000s ]
INFO: [ app_init ] --END-- [ RunTime:0.005000s ]
INFO: [ app_begin ] --START--
INFO: Run Behavior\ReadHtmlCacheBehavior [ RunTime:0.002000s ]
INFO: [ app_begin ] --END-- [ RunTime:0.005000s ]
SQL: SHOW COLUMNS FROM `schedule` [ RunTime:0.0060s ]
SQL: SELECT COUNT(*) AS tp_count FROM `schedule` LIMIT 1   [ RunTime:0.0010s ]
SQL: SELECT * FROM `schedule` LIMIT 0,10   [ RunTime:0.0010s ]

[ 2017-04-25T16:32:20+08:00 ] ::1 /Thinkphp/index.php/Home/Schedule/Schedule/laodScheduleList
INFO: [ app_init ] --START--
INFO: Run Behavior\BuildLiteBehavior [ RunTime:0.001000s ]
INFO: [ app_init ] --END-- [ RunTime:0.005000s ]
INFO: [ app_begin ] --START--
INFO: Run Behavior\ReadHtmlCacheBehavior [ RunTime:0.002001s ]
INFO: [ app_begin ] --END-- [ RunTime:0.005001s ]
SQL: SHOW COLUMNS FROM `schedule` [ RunTime:0.0110s ]
SQL: SELECT COUNT(*) AS tp_count FROM `schedule` LIMIT 1   [ RunTime:0.0010s ]
SQL: SELECT * FROM `schedule` LIMIT 0,10   [ RunTime:0.0010s ]

[ 2017-04-25T16:35:47+08:00 ] ::1 /Thinkphp/index.php/Home/Schedule/Schedule/laodScheduleList
INFO: [ app_init ] --START--
INFO: Run Behavior\BuildLiteBehavior [ RunTime:0.000000s ]
INFO: [ app_init ] --END-- [ RunTime:0.005000s ]
INFO: [ app_begin ] --START--
INFO: Run Behavior\ReadHtmlCacheBehavior [ RunTime:0.002000s ]
INFO: [ app_begin ] --END-- [ RunTime:0.005000s ]
SQL: SHOW COLUMNS FROM `schedule` [ RunTime:0.0050s ]
SQL: SELECT COUNT(*) AS tp_count FROM `schedule` LIMIT 1   [ RunTime:0.0000s ]
SQL: SELECT * FROM `schedule` LIMIT 0,10   [ RunTime:0.0010s ]

[ 2017-04-25T16:40:01+08:00 ] ::1 /Thinkphp/index.php/Home/Schedule/Schedule/laodScheduleList
INFO: [ app_init ] --START--
INFO: Run Behavior\BuildLiteBehavior [ RunTime:0.001000s ]
INFO: [ app_init ] --END-- [ RunTime:0.006000s ]
INFO: [ app_begin ] --START--
INFO: Run Behavior\ReadHtmlCacheBehavior [ RunTime:0.002000s ]
INFO: [ app_begin ] --END-- [ RunTime:0.005000s ]
SQL: SHOW COLUMNS FROM `schedule` [ RunTime:0.0070s ]
SQL: SELECT COUNT(*) AS tp_count FROM `schedule` LIMIT 1   [ RunTime:0.0010s ]
SQL: SELECT * FROM `schedule` LIMIT 0,10   [ RunTime:0.0010s ]

[ 2017-04-25T16:41:11+08:00 ] ::1 /Thinkphp/index.php/Home/Schedule/Schedule/laodScheduleList
INFO: [ app_init ] --START--
INFO: Run Behavior\BuildLiteBehavior [ RunTime:0.001000s ]
INFO: [ app_init ] --END-- [ RunTime:0.005000s ]
INFO: [ app_begin ] --START--
INFO: Run Behavior\ReadHtmlCacheBehavior [ RunTime:0.002000s ]
INFO: [ app_begin ] --END-- [ RunTime:0.005000s ]
SQL: SHOW COLUMNS FROM `schedule` [ RunTime:0.0130s ]
SQL: SELECT COUNT(*) AS tp_count FROM `schedule` LIMIT 1   [ RunTime:0.0010s ]
SQL: SELECT * FROM `schedule` LIMIT 0,10   [ RunTime:0.0010s ]

[ 2017-04-25T16:48:16+08:00 ] ::1 /Thinkphp/index.php/Home/Schedule/Schedule/laodScheduleList
INFO: [ app_init ] --START--
INFO: Run Behavior\BuildLiteBehavior [ RunTime:0.000000s ]
INFO: [ app_init ] --END-- [ RunTime:0.005000s ]
INFO: [ app_begin ] --START--
INFO: Run Behavior\ReadHtmlCacheBehavior [ RunTime:0.003000s ]
INFO: [ app_begin ] --END-- [ RunTime:0.005000s ]
SQL: SHOW COLUMNS FROM `schedule` [ RunTime:0.0120s ]
SQL: SELECT COUNT(*) AS tp_count FROM `schedule` LIMIT 1   [ RunTime:0.0010s ]
SQL: SHOW COLUMNS FROM `employee` [ RunTime:0.0140s ]
ERR: 1054:Unknown column 'e.name' in 'field list'
 [ SQL语句 ] : SELECT e.name,s.time,s.plan,s.sid FROM employee e,schedule s WHERE ( s.employeeID=e.eid ) LIMIT 0,10  
ERR: 1054:Unknown column 'e.name' in 'field list'
 [ SQL语句 ] : SELECT e.name,s.time,s.plan,s.sid FROM employee e,schedule s WHERE ( s.employeeID=e.eid ) LIMIT 0,10  
NOTIC: [2] Cannot modify header information - headers already sent by (output started at D:\PHP-webapp\Thinkphp\ThinkPHP\Library\Think\Db\Driver.class.php:170) D:\PHP-webapp\Thinkphp\ThinkPHP\Library\Think\Think.class.php 第 229 行.
NOTIC: [2] Cannot modify header information - headers already sent by (output started at D:\PHP-webapp\Thinkphp\ThinkPHP\Library\Think\Db\Driver.class.php:170) D:\PHP-webapp\Thinkphp\ThinkPHP\Library\Think\Think.class.php 第 230 行.

[ 2017-04-25T16:49:54+08:00 ] ::1 /Thinkphp/index.php/Home/Schedule/Schedule/laodScheduleList
INFO: [ app_init ] --START--
INFO: Run Behavior\BuildLiteBehavior [ RunTime:0.001000s ]
INFO: [ app_init ] --END-- [ RunTime:0.012001s ]
INFO: [ app_begin ] --START--
INFO: Run Behavior\ReadHtmlCacheBehavior [ RunTime:0.002000s ]
INFO: [ app_begin ] --END-- [ RunTime:0.007001s ]
SQL: SHOW COLUMNS FROM `schedule` [ RunTime:0.0060s ]
SQL: SELECT COUNT(*) AS tp_count FROM `schedule` LIMIT 1   [ RunTime:0.0010s ]
SQL: SHOW COLUMNS FROM `employee` [ RunTime:0.0050s ]
ERR: 1054:Unknown column 'e.name' in 'field list'
 [ SQL语句 ] : SELECT e.name,s.time,s.plan,s.sid FROM employee e,schedule s WHERE ( s.employeeID=e.eid ) LIMIT 0,10  
ERR: 1054:Unknown column 'e.name' in 'field list'
 [ SQL语句 ] : SELECT e.name,s.time,s.plan,s.sid FROM employee e,schedule s WHERE ( s.employeeID=e.eid ) LIMIT 0,10  
NOTIC: [2] Cannot modify header information - headers already sent by (output started at D:\PHP-webapp\Thinkphp\ThinkPHP\Library\Think\Db\Driver.class.php:170) D:\PHP-webapp\Thinkphp\ThinkPHP\Library\Think\Think.class.php 第 229 行.
NOTIC: [2] Cannot modify header information - headers already sent by (output started at D:\PHP-webapp\Thinkphp\ThinkPHP\Library\Think\Db\Driver.class.php:170) D:\PHP-webapp\Thinkphp\ThinkPHP\Library\Think\Think.class.php 第 230 行.

[ 2017-04-25T16:51:16+08:00 ] ::1 /Thinkphp/index.php/Home/Schedule/Schedule/laodScheduleList
INFO: [ app_init ] --START--
INFO: Run Behavior\BuildLiteBehavior [ RunTime:0.000000s ]
INFO: [ app_init ] --END-- [ RunTime:0.005000s ]
INFO: [ app_begin ] --START--
INFO: Run Behavior\ReadHtmlCacheBehavior [ RunTime:0.003000s ]
INFO: [ app_begin ] --END-- [ RunTime:0.005000s ]
SQL: SHOW COLUMNS FROM `schedule` [ RunTime:0.0060s ]
SQL: SELECT COUNT(*) AS tp_count FROM `schedule` LIMIT 1   [ RunTime:0.0010s ]
SQL: SHOW COLUMNS FROM `employee` [ RunTime:0.0080s ]
ERR: 1054:Unknown column 'e.name' in 'field list'
 [ SQL语句 ] : SELECT e.name,s.time,s.plan,s.sid FROM employee e,schedule s WHERE ( s.employeeID=e.eid ) LIMIT 0,10  
ERR: 1054:Unknown column 'e.name' in 'field list'
 [ SQL语句 ] : SELECT e.name,s.time,s.plan,s.sid FROM employee e,schedule s WHERE ( s.employeeID=e.eid ) LIMIT 0,10  
NOTIC: [2] Cannot modify header information - headers already sent by (output started at D:\PHP-webapp\Thinkphp\ThinkPHP\Library\Think\Db\Driver.class.php:170) D:\PHP-webapp\Thinkphp\ThinkPHP\Library\Think\Think.class.php 第 229 行.
NOTIC: [2] Cannot modify header information - headers already sent by (output started at D:\PHP-webapp\Thinkphp\ThinkPHP\Library\Think\Db\Driver.class.php:170) D:\PHP-webapp\Thinkphp\ThinkPHP\Library\Think\Think.class.php 第 230 行.

[ 2017-04-25T16:52:05+08:00 ] ::1 /Thinkphp/index.php/Home/Schedule/Schedule/laodScheduleList
INFO: [ app_init ] --START--
INFO: Run Behavior\BuildLiteBehavior [ RunTime:0.001000s ]
INFO: [ app_init ] --END-- [ RunTime:0.004000s ]
INFO: [ app_begin ] --START--
INFO: Run Behavior\ReadHtmlCacheBehavior [ RunTime:0.002000s ]
INFO: [ app_begin ] --END-- [ RunTime:0.006001s ]
SQL: SHOW COLUMNS FROM `schedule` [ RunTime:0.0050s ]
SQL: SELECT COUNT(*) AS tp_count FROM `schedule` LIMIT 1   [ RunTime:0.0010s ]
SQL: SHOW COLUMNS FROM `employee` [ RunTime:0.0050s ]
ERR: 1054:Unknown column 'e.name' in 'field list'
 [ SQL语句 ] : SELECT e.name,s.time,s.plan,s.sid FROM employee e,schedule s WHERE ( s.employeeID=e.eid ) LIMIT 0,10  
ERR: 1054:Unknown column 'e.name' in 'field list'
 [ SQL语句 ] : SELECT e.name,s.time,s.plan,s.sid FROM employee e,schedule s WHERE ( s.employeeID=e.eid ) LIMIT 0,10  
NOTIC: [2] Cannot modify header information - headers already sent by (output started at D:\PHP-webapp\Thinkphp\ThinkPHP\Library\Think\Db\Driver.class.php:170) D:\PHP-webapp\Thinkphp\ThinkPHP\Library\Think\Think.class.php 第 229 行.
NOTIC: [2] Cannot modify header information - headers already sent by (output started at D:\PHP-webapp\Thinkphp\ThinkPHP\Library\Think\Db\Driver.class.php:170) D:\PHP-webapp\Thinkphp\ThinkPHP\Library\Think\Think.class.php 第 230 行.

[ 2017-04-25T16:54:27+08:00 ] ::1 /Thinkphp/index.php/Home/Schedule/Schedule/laodScheduleList
INFO: [ app_init ] --START--
INFO: Run Behavior\BuildLiteBehavior [ RunTime:0.001000s ]
INFO: [ app_init ] --END-- [ RunTime:0.004000s ]
INFO: [ app_begin ] --START--
INFO: Run Behavior\ReadHtmlCacheBehavior [ RunTime:0.002000s ]
INFO: [ app_begin ] --END-- [ RunTime:0.005000s ]
SQL: SHOW COLUMNS FROM `schedule` [ RunTime:0.0080s ]
SQL: SELECT COUNT(*) AS tp_count FROM `schedule` LIMIT 1   [ RunTime:0.0010s ]
SQL: SHOW COLUMNS FROM `employee` [ RunTime:0.0050s ]
ERR: 1054:Unknown column 'e.name' in 'field list'
 [ SQL语句 ] : SELECT e.name,s.time,s.plan,s.sid FROM employee e,schedule s WHERE ( s.employeeID=e.eid ) LIMIT 0,10  
ERR: 1054:Unknown column 'e.name' in 'field list'
 [ SQL语句 ] : SELECT e.name,s.time,s.plan,s.sid FROM employee e,schedule s WHERE ( s.employeeID=e.eid ) LIMIT 0,10  
NOTIC: [2] Cannot modify header information - headers already sent by (output started at D:\PHP-webapp\Thinkphp\ThinkPHP\Library\Think\Db\Driver.class.php:170) D:\PHP-webapp\Thinkphp\ThinkPHP\Library\Think\Think.class.php 第 229 行.
NOTIC: [2] Cannot modify header information - headers already sent by (output started at D:\PHP-webapp\Thinkphp\ThinkPHP\Library\Think\Db\Driver.class.php:170) D:\PHP-webapp\Thinkphp\ThinkPHP\Library\Think\Think.class.php 第 230 行.

[ 2017-04-25T16:55:09+08:00 ] ::1 /Thinkphp/index.php/Home/Schedule/Schedule/laodScheduleList
INFO: [ app_init ] --START--
INFO: Run Behavior\BuildLiteBehavior [ RunTime:0.000000s ]
INFO: [ app_init ] --END-- [ RunTime:0.005001s ]
INFO: [ app_begin ] --START--
INFO: Run Behavior\ReadHtmlCacheBehavior [ RunTime:0.005000s ]
INFO: [ app_begin ] --END-- [ RunTime:0.008001s ]
SQL: SHOW COLUMNS FROM `schedule` [ RunTime:0.0050s ]
SQL: SELECT COUNT(*) AS tp_count FROM `schedule` LIMIT 1   [ RunTime:0.0210s ]
SQL: SHOW COLUMNS FROM `employee` [ RunTime:0.0040s ]
ERR: 1054:Unknown column 'e.name' in 'field list'
 [ SQL语句 ] : SELECT e.name,s.time,s.plan,s.sid FROM employee e,schedule s WHERE ( s.employeeID=e.eid ) LIMIT 0,10  
ERR: 1054:Unknown column 'e.name' in 'field list'
 [ SQL语句 ] : SELECT e.name,s.time,s.plan,s.sid FROM employee e,schedule s WHERE ( s.employeeID=e.eid ) LIMIT 0,10  
NOTIC: [2] Cannot modify header information - headers already sent by (output started at D:\PHP-webapp\Thinkphp\ThinkPHP\Library\Think\Db\Driver.class.php:170) D:\PHP-webapp\Thinkphp\ThinkPHP\Library\Think\Think.class.php 第 229 行.
NOTIC: [2] Cannot modify header information - headers already sent by (output started at D:\PHP-webapp\Thinkphp\ThinkPHP\Library\Think\Db\Driver.class.php:170) D:\PHP-webapp\Thinkphp\ThinkPHP\Library\Think\Think.class.php 第 230 行.

[ 2017-04-25T16:56:52+08:00 ] ::1 /Thinkphp/index.php/Home/Schedule/Schedule/laodScheduleList
INFO: [ app_init ] --START--
INFO: Run Behavior\BuildLiteBehavior [ RunTime:0.001000s ]
INFO: [ app_init ] --END-- [ RunTime:0.006000s ]
INFO: [ app_begin ] --START--
INFO: Run Behavior\ReadHtmlCacheBehavior [ RunTime:0.003000s ]
INFO: [ app_begin ] --END-- [ RunTime:0.005000s ]
SQL: SHOW COLUMNS FROM `schedule` [ RunTime:0.0040s ]
SQL: SELECT COUNT(*) AS tp_count FROM `schedule` LIMIT 1   [ RunTime:0.0010s ]
SQL: SHOW COLUMNS FROM `employee` [ RunTime:0.0050s ]
SQL: SELECT e.turename,s.time,s.plan,s.sid FROM employee e,schedule s WHERE ( s.employeeID=e.eid ) LIMIT 0,10   [ RunTime:0.0010s ]

[ 2017-04-25T16:57:19+08:00 ] ::1 /Thinkphp/index.php/Home/Houses/Houses/laodHousesList
INFO: [ app_init ] --START--
INFO: Run Behavior\BuildLiteBehavior [ RunTime:0.000000s ]
INFO: [ app_init ] --END-- [ RunTime:0.005001s ]
INFO: [ app_begin ] --START--
INFO: Run Behavior\ReadHtmlCacheBehavior [ RunTime:0.002001s ]
INFO: [ app_begin ] --END-- [ RunTime:0.005001s ]
SQL: SHOW COLUMNS FROM `houses` [ RunTime:0.0080s ]
SQL: SELECT COUNT(*) AS tp_count FROM `houses` LIMIT 1   [ RunTime:0.0010s ]
SQL: SELECT * FROM `houses` LIMIT 0,10   [ RunTime:0.0010s ]

[ 2017-04-25T16:57:22+08:00 ] ::1 /Thinkphp/index.php/Home/Complain/Complain/LaodComplainList
INFO: [ app_init ] --START--
INFO: Run Behavior\BuildLiteBehavior [ RunTime:0.000000s ]
INFO: [ app_init ] --END-- [ RunTime:0.005000s ]
INFO: [ app_begin ] --START--
INFO: Run Behavior\ReadHtmlCacheBehavior [ RunTime:0.002000s ]
INFO: [ app_begin ] --END-- [ RunTime:0.005000s ]
SQL: SHOW COLUMNS FROM `complain` [ RunTime:0.0090s ]
SQL: SELECT COUNT(*) AS tp_count FROM `complain` LIMIT 1   [ RunTime:0.0010s ]
SQL: SELECT * FROM `complain` LIMIT 0,3   [ RunTime:0.0070s ]

[ 2017-04-25T17:23:27+08:00 ] ::1 /Thinkphp/index.php/Home/User/User/login
INFO: [ app_init ] --START--
INFO: Run Behavior\BuildLiteBehavior [ RunTime:0.000000s ]
INFO: [ app_init ] --END-- [ RunTime:0.007000s ]
INFO: [ app_begin ] --START--
INFO: Run Behavior\ReadHtmlCacheBehavior [ RunTime:0.004001s ]
INFO: [ app_begin ] --END-- [ RunTime:0.007001s ]
SQL: SHOW COLUMNS FROM `employee` [ RunTime:0.0050s ]
SQL: SELECT * FROM `employee` WHERE ( number='123458' )  [ RunTime:0.0010s ]
NOTIC: [8] Use of undefined constant pass - assumed 'pass' D:\PHP-webapp\Thinkphp\Application\Home\Controller\User\UserController.class.php 第 25 行.
NOTIC: [8] Use of undefined constant eid - assumed 'eid' D:\PHP-webapp\Thinkphp\Application\Home\Controller\User\UserController.class.php 第 30 行.
SQL: SHOW COLUMNS FROM `employeejob` [ RunTime:0.0050s ]
SQL: SELECT m.* FROM employeejob ej,jobmenu jm,menu m WHERE ( ej.jid=jm.jid and jm.mid=m.mid and ej.eid=3 )  [ RunTime:0.0010s ]
INFO: [ app_end ] --START--
INFO: Run Behavior\ShowPageTraceBehavior [ RunTime:0.003000s ]
INFO: [ app_end ] --END-- [ RunTime:0.007000s ]

[ 2017-04-25T17:29:41+08:00 ] ::1 /Thinkphp/index.php?c=Client&a=testTree
INFO: [ app_init ] --START--
INFO: Run Behavior\BuildLiteBehavior [ RunTime:0.000000s ]
INFO: [ app_init ] --END-- [ RunTime:0.007000s ]
INFO: [ app_begin ] --START--
INFO: Run Behavior\ReadHtmlCacheBehavior [ RunTime:0.002000s ]
INFO: [ app_begin ] --END-- [ RunTime:0.005000s ]
ERR: 无法加载控制器:Client

[ 2017-04-25T17:36:35+08:00 ] ::1 /Thinkphp/index.php?c=Client&a=testTree
INFO: [ app_init ] --START--
INFO: Run Behavior\BuildLiteBehavior [ RunTime:0.000000s ]
INFO: [ app_init ] --END-- [ RunTime:0.007000s ]
INFO: [ app_begin ] --START--
INFO: Run Behavior\ReadHtmlCacheBehavior [ RunTime:0.004000s ]
INFO: [ app_begin ] --END-- [ RunTime:0.008000s ]
ERR: 无法加载控制器:Client

[ 2017-04-25T17:38:32+08:00 ] ::1 /Thinkphp/index.php?c=Client&a=testTree
INFO: [ app_init ] --START--
INFO: Run Behavior\BuildLiteBehavior [ RunTime:0.001000s ]
INFO: [ app_init ] --END-- [ RunTime:0.009001s ]
INFO: [ app_begin ] --START--
INFO: Run Behavior\ReadHtmlCacheBehavior [ RunTime:0.002000s ]
INFO: [ app_begin ] --END-- [ RunTime:0.006000s ]
ERR: 无法加载控制器:Client

[ 2017-04-25T17:42:16+08:00 ] ::1 /Thinkphp/index.php?c=Client&a=testTree
INFO: [ app_init ] --START--
INFO: Run Behavior\BuildLiteBehavior [ RunTime:0.000000s ]
INFO: [ app_init ] --END-- [ RunTime:0.005000s ]
INFO: [ app_begin ] --START--
INFO: Run Behavior\ReadHtmlCacheBehavior [ RunTime:0.002000s ]
INFO: [ app_begin ] --END-- [ RunTime:0.005000s ]
ERR: 无法加载控制器:Client

[ 2017-04-25T17:42:52+08:00 ] ::1 /Thinkphp/index.php?c=Client&a=testTree
INFO: [ app_init ] --START--
INFO: Run Behavior\BuildLiteBehavior [ RunTime:0.001000s ]
INFO: [ app_init ] --END-- [ RunTime:0.007000s ]
INFO: [ app_begin ] --START--
INFO: Run Behavior\ReadHtmlCacheBehavior [ RunTime:0.003000s ]
INFO: [ app_begin ] --END-- [ RunTime:0.013001s ]
ERR: 无法加载控制器:Client

[ 2017-04-25T17:47:08+08:00 ] ::1 /Thinkphp/index.php/Home/Client/Client/testTree
INFO: [ app_init ] --START--
INFO: Run Behavior\BuildLiteBehavior [ RunTime:0.001000s ]
INFO: [ app_init ] --END-- [ RunTime:0.005000s ]
INFO: [ app_begin ] --START--
INFO: Run Behavior\ReadHtmlCacheBehavior [ RunTime:0.002000s ]
INFO: [ app_begin ] --END-- [ RunTime:0.005000s ]
SQL: SHOW COLUMNS FROM `client` [ RunTime:0.0040s ]

[ 2017-04-25T17:48:16+08:00 ] ::1 /Thinkphp/index.php/Home/Client/Client/testTree
INFO: [ app_init ] --START--
INFO: Run Behavior\BuildLiteBehavior [ RunTime:0.000000s ]
INFO: [ app_init ] --END-- [ RunTime:0.005000s ]
INFO: [ app_begin ] --START--
INFO: Run Behavior\ReadHtmlCacheBehavior [ RunTime:0.002000s ]
INFO: [ app_begin ] --END-- [ RunTime:0.006000s ]
SQL: SHOW COLUMNS FROM `client` [ RunTime:0.0060s ]

[ 2017-04-25T17:49:38+08:00 ] ::1 /Thinkphp/index.php/Home/Client/Client/testTree
INFO: [ app_init ] --START--
INFO: Run Behavior\BuildLiteBehavior [ RunTime:0.000000s ]
INFO: [ app_init ] --END-- [ RunTime:0.005001s ]
INFO: [ app_begin ] --START--
INFO: Run Behavior\ReadHtmlCacheBehavior [ RunTime:0.002000s ]
INFO: [ app_begin ] --END-- [ RunTime:0.006000s ]
SQL: SHOW COLUMNS FROM `client` [ RunTime:0.0050s ]

[ 2017-04-25T17:51:51+08:00 ] ::1 /Thinkphp/index.php/Home/Client/Client/testTree
INFO: [ app_init ] --START--
INFO: Run Behavior\BuildLiteBehavior [ RunTime:0.000000s ]
INFO: [ app_init ] --END-- [ RunTime:0.005000s ]
INFO: [ app_begin ] --START--
INFO: Run Behavior\ReadHtmlCacheBehavior [ RunTime:0.003001s ]
INFO: [ app_begin ] --END-- [ RunTime:0.007001s ]
SQL: SHOW COLUMNS FROM `client` [ RunTime:0.0060s ]

[ 2017-04-25T17:53:11+08:00 ] ::1 /Thinkphp/index.php/Home/Client/Client/testTree
INFO: [ app_init ] --START--
INFO: Run Behavior\BuildLiteBehavior [ RunTime:0.000000s ]
INFO: [ app_init ] --END-- [ RunTime:0.005001s ]
INFO: [ app_begin ] --START--
INFO: Run Behavior\ReadHtmlCacheBehavior [ RunTime:0.002000s ]
INFO: [ app_begin ] --END-- [ RunTime:0.006000s ]
SQL: SHOW COLUMNS FROM `client` [ RunTime:0.0050s ]

[ 2017-04-25T17:53:34+08:00 ] ::1 /Thinkphp/index.php/Home/Client/Client/testTree
INFO: [ app_init ] --START--
INFO: Run Behavior\BuildLiteBehavior [ RunTime:0.001000s ]
INFO: [ app_init ] --END-- [ RunTime:0.008000s ]
INFO: [ app_begin ] --START--
INFO: Run Behavior\ReadHtmlCacheBehavior [ RunTime:0.005000s ]
INFO: [ app_begin ] --END-- [ RunTime:0.010000s ]
SQL: SHOW COLUMNS FROM `client` [ RunTime:0.0060s ]

[ 2017-04-25T17:54:40+08:00 ] ::1 /Thinkphp/index.php/Home/Client/Client/testTree
INFO: [ app_init ] --START--
INFO: Run Behavior\BuildLiteBehavior [ RunTime:0.000000s ]
INFO: [ app_init ] --END-- [ RunTime:0.005001s ]
INFO: [ app_begin ] --START--
INFO: Run Behavior\ReadHtmlCacheBehavior [ RunTime:0.003000s ]
INFO: [ app_begin ] --END-- [ RunTime:0.005000s ]
SQL: SHOW COLUMNS FROM `client` [ RunTime:0.0050s ]

[ 2017-04-25T18:04:09+08:00 ] ::1 /Thinkphp/index.php/Home/Client/Client/testTree
INFO: [ app_init ] --START--
INFO: Run Behavior\BuildLiteBehavior [ RunTime:0.000000s ]
INFO: [ app_init ] --END-- [ RunTime:0.005000s ]
INFO: [ app_begin ] --START--
INFO: Run Behavior\ReadHtmlCacheBehavior [ RunTime:0.003001s ]
INFO: [ app_begin ] --END-- [ RunTime:0.005001s ]
SQL: SHOW COLUMNS FROM `client` [ RunTime:0.0060s ]

[ 2017-04-25T18:04:32+08:00 ] ::1 /Thinkphp/index.php/Home/Client/Client/testTree
INFO: [ app_init ] --START--
INFO: Run Behavior\BuildLiteBehavior [ RunTime:0.003001s ]
INFO: [ app_init ] --END-- [ RunTime:0.007001s ]
INFO: [ app_begin ] --START--
INFO: Run Behavior\ReadHtmlCacheBehavior [ RunTime:0.002000s ]
INFO: [ app_begin ] --END-- [ RunTime:0.005000s ]
SQL: SHOW COLUMNS FROM `client` [ RunTime:0.0050s ]

[ 2017-04-25T18:07:21+08:00 ] ::1 /Thinkphp/index.php/Home/Client/Client/testTree
INFO: [ app_init ] --START--
INFO: Run Behavior\BuildLiteBehavior [ RunTime:0.001000s ]
INFO: [ app_init ] --END-- [ RunTime:0.005000s ]
INFO: [ app_begin ] --START--
INFO: Run Behavior\ReadHtmlCacheBehavior [ RunTime:0.002000s ]
INFO: [ app_begin ] --END-- [ RunTime:0.006000s ]
SQL: SHOW COLUMNS FROM `client` [ RunTime:0.0050s ]
INFO: [ app_end ] --START--
INFO: Run Behavior\ShowPageTraceBehavior [ RunTime:0.003000s ]
INFO: [ app_end ] --END-- [ RunTime:0.006000s ]

[ 2017-04-25T18:08:03+08:00 ] ::1 /Thinkphp/index.php/Home/Client/Client/testTree
INFO: [ app_init ] --START--
INFO: Run Behavior\BuildLiteBehavior [ RunTime:0.001000s ]
INFO: [ app_init ] --END-- [ RunTime:0.005000s ]
INFO: [ app_begin ] --START--
INFO: Run Behavior\ReadHtmlCacheBehavior [ RunTime:0.002000s ]
INFO: [ app_begin ] --END-- [ RunTime:0.006000s ]
SQL: SHOW COLUMNS FROM `client` [ RunTime:0.0050s ]
SQL: SELECT * FROM `client` WHERE ( eid='3' )  [ RunTime:0.0030s ]
NOTIC: [8] Undefined offset: 0 D:\PHP-webapp\Thinkphp\Application\Home\Controller\Client\ClientController.class.php 第 33 行.
NOTIC: [8] Undefined offset: 1 D:\PHP-webapp\Thinkphp\Application\Home\Controller\Client\ClientController.class.php 第 34 行.
NOTIC: [8] Undefined offset: 0 D:\PHP-webapp\Thinkphp\Application\Home\Controller\Client\ClientController.class.php 第 33 行.
NOTIC: [8] Undefined offset: 1 D:\PHP-webapp\Thinkphp\Application\Home\Controller\Client\ClientController.class.php 第 34 行.
NOTIC: [8] Undefined offset: 0 D:\PHP-webapp\Thinkphp\Application\Home\Controller\Client\ClientController.class.php 第 33 行.
NOTIC: [8] Undefined offset: 1 D:\PHP-webapp\Thinkphp\Application\Home\Controller\Client\ClientController.class.php 第 34 行.
NOTIC: [8] Undefined offset: 0 D:\PHP-webapp\Thinkphp\Application\Home\Controller\Client\ClientController.class.php 第 33 行.
NOTIC: [8] Undefined offset: 1 D:\PHP-webapp\Thinkphp\Application\Home\Controller\Client\ClientController.class.php 第 34 行.
NOTIC: [8] Undefined offset: 0 D:\PHP-webapp\Thinkphp\Application\Home\Controller\Client\ClientController.class.php 第 33 行.
NOTIC: [8] Undefined offset: 1 D:\PHP-webapp\Thinkphp\Application\Home\Controller\Client\ClientController.class.php 第 34 行.
INFO: [ app_end ] --START--
INFO: Run Behavior\ShowPageTraceBehavior [ RunTime:0.003000s ]
INFO: [ app_end ] --END-- [ RunTime:0.006000s ]

[ 2017-04-25T18:09:49+08:00 ] ::1 /Thinkphp/index.php/Home/Client/Client/testTree
INFO: [ app_init ] --START--
INFO: Run Behavior\BuildLiteBehavior [ RunTime:0.001001s ]
INFO: [ app_init ] --END-- [ RunTime:0.005001s ]
INFO: [ app_begin ] --START--
INFO: Run Behavior\ReadHtmlCacheBehavior [ RunTime:0.003000s ]
INFO: [ app_begin ] --END-- [ RunTime:0.005000s ]
SQL: SHOW COLUMNS FROM `client` [ RunTime:0.0040s ]
SQL: SELECT * FROM `client` WHERE ( eid='3' )  [ RunTime:0.0000s ]
INFO: [ app_end ] --START--
INFO: Run Behavior\ShowPageTraceBehavior [ RunTime:0.002001s ]
INFO: [ app_end ] --END-- [ RunTime:0.007001s ]

[ 2017-04-25T18:14:49+08:00 ] ::1 /Thinkphp/index.php/Home/Client/Client/testTree
INFO: [ app_init ] --START--
INFO: Run Behavior\BuildLiteBehavior [ RunTime:0.001000s ]
INFO: [ app_init ] --END-- [ RunTime:0.007001s ]
INFO: [ app_begin ] --START--
INFO: Run Behavior\ReadHtmlCacheBehavior [ RunTime:0.003000s ]
INFO: [ app_begin ] --END-- [ RunTime:0.009000s ]
SQL: SHOW COLUMNS FROM `client` [ RunTime:0.0040s ]
SQL: SELECT * FROM `client` WHERE ( eid='3' )  [ RunTime:0.0010s ]
INFO: [ app_end ] --START--
INFO: Run Behavior\ShowPageTraceBehavior [ RunTime:0.003001s ]
INFO: [ app_end ] --END-- [ RunTime:0.005001s ]

[ 2017-04-25T18:14:52+08:00 ] ::1 /Thinkphp/index.php/Home/Client/Client/ClientListByClick
INFO: [ app_init ] --START--
INFO: Run Behavior\BuildLiteBehavior [ RunTime:0.001000s ]
INFO: [ app_init ] --END-- [ RunTime:0.008001s ]
INFO: [ app_begin ] --START--
INFO: Run Behavior\ReadHtmlCacheBehavior [ RunTime:0.002000s ]
INFO: [ app_begin ] --END-- [ RunTime:0.005000s ]
SQL: SHOW COLUMNS FROM `client` [ RunTime:0.0050s ]
ERR: 1064:You have an error in your SQL syntax; check the manual that corresponds to your MySQL server version for the right syntax to use near ''1 )' at line 1
 [ SQL语句 ] : SELECT * FROM `client` WHERE ( cid='1 ) 
ERR: 1064:You have an error in your SQL syntax; check the manual that corresponds to your MySQL server version for the right syntax to use near ''1 )' at line 1
 [ SQL语句 ] : SELECT * FROM `client` WHERE ( cid='1 ) 
NOTIC: [2] Cannot modify header information - headers already sent by (output started at D:\PHP-webapp\Thinkphp\ThinkPHP\Library\Think\Db\Driver.class.php:170) D:\PHP-webapp\Thinkphp\ThinkPHP\Library\Think\Think.class.php 第 229 行.
NOTIC: [2] Cannot modify header information - headers already sent by (output started at D:\PHP-webapp\Thinkphp\ThinkPHP\Library\Think\Db\Driver.class.php:170) D:\PHP-webapp\Thinkphp\ThinkPHP\Library\Think\Think.class.php 第 230 行.

[ 2017-04-25T18:14:53+08:00 ] ::1 /Thinkphp/index.php/Home/Client/Client/loadRecord/pageNo=1/pageSize=10/clientId/1
INFO: [ app_init ] --START--
INFO: Run Behavior\BuildLiteBehavior [ RunTime:0.001001s ]
INFO: [ app_init ] --END-- [ RunTime:0.008001s ]
INFO: [ app_begin ] --START--
INFO: Run Behavior\ReadHtmlCacheBehavior [ RunTime:0.003000s ]
INFO: [ app_begin ] --END-- [ RunTime:0.006000s ]
SQL: SHOW COLUMNS FROM `client` [ RunTime:0.0040s ]

[ 2017-04-25T18:22:41+08:00 ] ::1 /Thinkphp/index.php/Home/Client/Client/testTree
INFO: [ app_init ] --START--
INFO: Run Behavior\BuildLiteBehavior [ RunTime:0.001000s ]
INFO: [ app_init ] --END-- [ RunTime:0.005000s ]
INFO: [ app_begin ] --START--
INFO: Run Behavior\ReadHtmlCacheBehavior [ RunTime:0.002000s ]
INFO: [ app_begin ] --END-- [ RunTime:0.006000s ]
SQL: SHOW COLUMNS FROM `client` [ RunTime:0.0050s ]
SQL: SELECT * FROM `client` WHERE ( eid='3' )  [ RunTime:0.0000s ]
INFO: [ app_end ] --START--
INFO: Run Behavior\ShowPageTraceBehavior [ RunTime:0.004000s ]
INFO: [ app_end ] --END-- [ RunTime:0.006000s ]

[ 2017-04-25T18:28:32+08:00 ] ::1 /Thinkphp/index.php/Home/Client/Client/testTree
INFO: [ app_init ] --START--
INFO: Run Behavior\BuildLiteBehavior [ RunTime:0.001000s ]
INFO: [ app_init ] --END-- [ RunTime:0.006000s ]
INFO: [ app_begin ] --START--
INFO: Run Behavior\ReadHtmlCacheBehavior [ RunTime:0.002000s ]
INFO: [ app_begin ] --END-- [ RunTime:0.005000s ]
SQL: SHOW COLUMNS FROM `client` [ RunTime:0.0060s ]
SQL: SELECT * FROM `client` WHERE ( eid='3' )  [ RunTime:0.0030s ]
INFO: [ app_end ] --START--
INFO: Run Behavior\ShowPageTraceBehavior [ RunTime:0.003000s ]
INFO: [ app_end ] --END-- [ RunTime:0.005000s ]

[ 2017-04-25T18:28:37+08:00 ] ::1 /Thinkphp/index.php/Home/Client/Client/ClientListByClick
INFO: [ app_init ] --START--
INFO: Run Behavior\BuildLiteBehavior [ RunTime:0.000000s ]
INFO: [ app_init ] --END-- [ RunTime:0.009001s ]
INFO: [ app_begin ] --START--
INFO: Run Behavior\ReadHtmlCacheBehavior [ RunTime:0.002000s ]
INFO: [ app_begin ] --END-- [ RunTime:0.006000s ]
SQL: SHOW COLUMNS FROM `client` [ RunTime:0.0070s ]
SQL: SHOW COLUMNS FROM `record` [ RunTime:0.0050s ]
ERR: 1064:You have an error in your SQL syntax; check the manual that corresponds to your MySQL server version for the right syntax to use near 'c.cid='1 )' at line 1
 [ SQL语句 ] : SELECT r.*,c.name,c.phone,c.site,c.level,e.turename FROM record r,clicent c,employee e WHERE ( r.cid=c.cid and r.eid=e.eid c.cid='1 ) 
ERR: 1064:You have an error in your SQL syntax; check the manual that corresponds to your MySQL server version for the right syntax to use near 'c.cid='1 )' at line 1
 [ SQL语句 ] : SELECT r.*,c.name,c.phone,c.site,c.level,e.turename FROM record r,clicent c,employee e WHERE ( r.cid=c.cid and r.eid=e.eid c.cid='1 ) 
NOTIC: [2] Cannot modify header information - headers already sent by (output started at D:\PHP-webapp\Thinkphp\ThinkPHP\Library\Think\Db\Driver.class.php:170) D:\PHP-webapp\Thinkphp\ThinkPHP\Library\Think\Think.class.php 第 229 行.
NOTIC: [2] Cannot modify header information - headers already sent by (output started at D:\PHP-webapp\Thinkphp\ThinkPHP\Library\Think\Db\Driver.class.php:170) D:\PHP-webapp\Thinkphp\ThinkPHP\Library\Think\Think.class.php 第 230 行.

[ 2017-04-25T18:28:38+08:00 ] ::1 /Thinkphp/index.php/Home/Client/Client/loadRecord/pageNo=1/pageSize=10/clientId/1
INFO: [ app_init ] --START--
INFO: Run Behavior\BuildLiteBehavior [ RunTime:0.001000s ]
INFO: [ app_init ] --END-- [ RunTime:0.006000s ]
INFO: [ app_begin ] --START--
INFO: Run Behavior\ReadHtmlCacheBehavior [ RunTime:0.002000s ]
INFO: [ app_begin ] --END-- [ RunTime:0.006000s ]
SQL: SHOW COLUMNS FROM `client` [ RunTime:0.0140s ]

[ 2017-04-25T18:29:09+08:00 ] ::1 /Thinkphp/index.php/Home/Client/Client/testTree
INFO: [ app_init ] --START--
INFO: Run Behavior\BuildLiteBehavior [ RunTime:0.001000s ]
INFO: [ app_init ] --END-- [ RunTime:0.006001s ]
INFO: [ app_begin ] --START--
INFO: Run Behavior\ReadHtmlCacheBehavior [ RunTime:0.003000s ]
INFO: [ app_begin ] --END-- [ RunTime:0.005000s ]
SQL: SHOW COLUMNS FROM `client` [ RunTime:0.0050s ]
SQL: SELECT * FROM `client` WHERE ( eid='3' )  [ RunTime:0.0030s ]
INFO: [ app_end ] --START--
INFO: Run Behavior\ShowPageTraceBehavior [ RunTime:0.002000s ]
INFO: [ app_end ] --END-- [ RunTime:0.005000s ]

[ 2017-04-25T18:29:12+08:00 ] ::1 /Thinkphp/index.php/Home/Client/Client/ClientListByClick
INFO: [ app_init ] --START--
INFO: Run Behavior\BuildLiteBehavior [ RunTime:0.000000s ]
INFO: [ app_init ] --END-- [ RunTime:0.007000s ]
INFO: [ app_begin ] --START--
INFO: Run Behavior\ReadHtmlCacheBehavior [ RunTime:0.003000s ]
INFO: [ app_begin ] --END-- [ RunTime:0.011000s ]
SQL: SHOW COLUMNS FROM `client` [ RunTime:0.0060s ]
SQL: SHOW COLUMNS FROM `record` [ RunTime:0.0080s ]
ERR: 1064:You have an error in your SQL syntax; check the manual that corresponds to your MySQL server version for the right syntax to use near 'c.cid='1 )' at line 1
 [ SQL语句 ] : SELECT r.*,c.name,c.phone,c.site,c.level,e.turename FROM record r,clicent c,employee e WHERE ( r.cid=c.cid and r.eid=e.eid c.cid='1 ) 
ERR: 1064:You have an error in your SQL syntax; check the manual that corresponds to your MySQL server version for the right syntax to use near 'c.cid='1 )' at line 1
 [ SQL语句 ] : SELECT r.*,c.name,c.phone,c.site,c.level,e.turename FROM record r,clicent c,employee e WHERE ( r.cid=c.cid and r.eid=e.eid c.cid='1 ) 
NOTIC: [2] Cannot modify header information - headers already sent by (output started at D:\PHP-webapp\Thinkphp\ThinkPHP\Library\Think\Db\Driver.class.php:170) D:\PHP-webapp\Thinkphp\ThinkPHP\Library\Think\Think.class.php 第 229 行.
NOTIC: [2] Cannot modify header information - headers already sent by (output started at D:\PHP-webapp\Thinkphp\ThinkPHP\Library\Think\Db\Driver.class.php:170) D:\PHP-webapp\Thinkphp\ThinkPHP\Library\Think\Think.class.php 第 230 行.

[ 2017-04-25T18:29:13+08:00 ] ::1 /Thinkphp/index.php/Home/Client/Client/loadRecord/pageNo=1/pageSize=10/clientId/1
INFO: [ app_init ] --START--
INFO: Run Behavior\BuildLiteBehavior [ RunTime:0.001000s ]
INFO: [ app_init ] --END-- [ RunTime:0.006001s ]
INFO: [ app_begin ] --START--
INFO: Run Behavior\ReadHtmlCacheBehavior [ RunTime:0.002000s ]
INFO: [ app_begin ] --END-- [ RunTime:0.005000s ]
SQL: SHOW COLUMNS FROM `client` [ RunTime:0.0040s ]

[ 2017-04-25T18:29:58+08:00 ] ::1 /Thinkphp/index.php/Home/Client/Client/testTree
INFO: [ app_init ] --START--
INFO: Run Behavior\BuildLiteBehavior [ RunTime:0.001001s ]
INFO: [ app_init ] --END-- [ RunTime:0.005001s ]
INFO: [ app_begin ] --START--
INFO: Run Behavior\ReadHtmlCacheBehavior [ RunTime:0.002000s ]
INFO: [ app_begin ] --END-- [ RunTime:0.019001s ]
SQL: SHOW COLUMNS FROM `client` [ RunTime:0.0050s ]
SQL: SELECT * FROM `client` WHERE ( eid='3' )  [ RunTime:0.0060s ]
INFO: [ app_end ] --START--
INFO: Run Behavior\ShowPageTraceBehavior [ RunTime:0.002000s ]
INFO: [ app_end ] --END-- [ RunTime:0.005000s ]

[ 2017-04-25T18:30:00+08:00 ] ::1 /Thinkphp/index.php/Home/Client/Client/ClientListByClick
INFO: [ app_init ] --START--
INFO: Run Behavior\BuildLiteBehavior [ RunTime:0.001000s ]
INFO: [ app_init ] --END-- [ RunTime:0.009000s ]
INFO: [ app_begin ] --START--
INFO: Run Behavior\ReadHtmlCacheBehavior [ RunTime:0.005000s ]
INFO: [ app_begin ] --END-- [ RunTime:0.007000s ]
SQL: SHOW COLUMNS FROM `client` [ RunTime:0.0050s ]
SQL: SHOW COLUMNS FROM `record` [ RunTime:0.0070s ]
ERR: 1064:You have an error in your SQL syntax; check the manual that corresponds to your MySQL server version for the right syntax to use near 'c.cid='2 )' at line 1
 [ SQL语句 ] : SELECT r.*,c.name,c.phone,c.site,c.level,e.turename FROM record r,clicent c,employee e WHERE ( r.cid=c.cid and r.eid=e.eid c.cid='2 ) 
ERR: 1064:You have an error in your SQL syntax; check the manual that corresponds to your MySQL server version for the right syntax to use near 'c.cid='2 )' at line 1
 [ SQL语句 ] : SELECT r.*,c.name,c.phone,c.site,c.level,e.turename FROM record r,clicent c,employee e WHERE ( r.cid=c.cid and r.eid=e.eid c.cid='2 ) 
NOTIC: [2] Cannot modify header information - headers already sent by (output started at D:\PHP-webapp\Thinkphp\ThinkPHP\Library\Think\Db\Driver.class.php:170) D:\PHP-webapp\Thinkphp\ThinkPHP\Library\Think\Think.class.php 第 229 行.
NOTIC: [2] Cannot modify header information - headers already sent by (output started at D:\PHP-webapp\Thinkphp\ThinkPHP\Library\Think\Db\Driver.class.php:170) D:\PHP-webapp\Thinkphp\ThinkPHP\Library\Think\Think.class.php 第 230 行.

[ 2017-04-25T18:30:02+08:00 ] ::1 /Thinkphp/index.php/Home/Client/Client/loadRecord/pageNo=1/pageSize=10/clientId/2
INFO: [ app_init ] --START--
INFO: Run Behavior\BuildLiteBehavior [ RunTime:0.000000s ]
INFO: [ app_init ] --END-- [ RunTime:0.007000s ]
INFO: [ app_begin ] --START--
INFO: Run Behavior\ReadHtmlCacheBehavior [ RunTime:0.008001s ]
INFO: [ app_begin ] --END-- [ RunTime:0.013001s ]
SQL: SHOW COLUMNS FROM `client` [ RunTime:0.0070s ]

[ 2017-04-25T18:38:29+08:00 ] ::1 /Thinkphp/index.php/Home/Client/Client/testTree
INFO: [ app_init ] --START--
INFO: Run Behavior\BuildLiteBehavior [ RunTime:0.000000s ]
INFO: [ app_init ] --END-- [ RunTime:0.005001s ]
INFO: [ app_begin ] --START--
INFO: Run Behavior\ReadHtmlCacheBehavior [ RunTime:0.002001s ]
INFO: [ app_begin ] --END-- [ RunTime:0.005001s ]
SQL: SHOW COLUMNS FROM `client` [ RunTime:0.0050s ]
SQL: SELECT * FROM `client` WHERE ( eid='3' )  [ RunTime:0.0070s ]
INFO: [ app_end ] --START--
INFO: Run Behavior\ShowPageTraceBehavior [ RunTime:0.003000s ]
INFO: [ app_end ] --END-- [ RunTime:0.005000s ]

[ 2017-04-25T18:38:32+08:00 ] ::1 /Thinkphp/index.php/Home/Client/Client/ClientListByClick
INFO: [ app_init ] --START--
INFO: Run Behavior\BuildLiteBehavior [ RunTime:0.000000s ]
INFO: [ app_init ] --END-- [ RunTime:0.005001s ]
INFO: [ app_begin ] --START--
INFO: Run Behavior\ReadHtmlCacheBehavior [ RunTime:0.003000s ]
INFO: [ app_begin ] --END-- [ RunTime:0.006000s ]
SQL: SHOW COLUMNS FROM `client` [ RunTime:0.0040s ]
SQL: SHOW COLUMNS FROM `record` [ RunTime:0.0090s ]
ERR: 1064:You have an error in your SQL syntax; check the manual that corresponds to your MySQL server version for the right syntax to use near 'c.cid='1 )' at line 1
 [ SQL语句 ] : SELECT r.*,c.name,c.phone,c.site,c.level,e.turename FROM record r,clicent c,employee e WHERE ( r.cid=c.cid and r.eid=e.eid c.cid='1 ) 
ERR: 1064:You have an error in your SQL syntax; check the manual that corresponds to your MySQL server version for the right syntax to use near 'c.cid='1 )' at line 1
 [ SQL语句 ] : SELECT r.*,c.name,c.phone,c.site,c.level,e.turename FROM record r,clicent c,employee e WHERE ( r.cid=c.cid and r.eid=e.eid c.cid='1 ) 
NOTIC: [2] Cannot modify header information - headers already sent by (output started at D:\PHP-webapp\Thinkphp\ThinkPHP\Library\Think\Db\Driver.class.php:170) D:\PHP-webapp\Thinkphp\ThinkPHP\Library\Think\Think.class.php 第 229 行.
NOTIC: [2] Cannot modify header information - headers already sent by (output started at D:\PHP-webapp\Thinkphp\ThinkPHP\Library\Think\Db\Driver.class.php:170) D:\PHP-webapp\Thinkphp\ThinkPHP\Library\Think\Think.class.php 第 230 行.

[ 2017-04-25T18:38:34+08:00 ] ::1 /Thinkphp/index.php/Home/Client/Client/loadRecord/pageNo=1/pageSize=10/clientId/1
INFO: [ app_init ] --START--
INFO: Run Behavior\BuildLiteBehavior [ RunTime:0.001000s ]
INFO: [ app_init ] --END-- [ RunTime:0.007000s ]
INFO: [ app_begin ] --START--
INFO: Run Behavior\ReadHtmlCacheBehavior [ RunTime:0.003000s ]
INFO: [ app_begin ] --END-- [ RunTime:0.005000s ]
SQL: SHOW COLUMNS FROM `client` [ RunTime:0.0050s ]

[ 2017-04-25T18:40:45+08:00 ] ::1 /Thinkphp/index.php/Home/Client/Client/testTree
INFO: [ app_init ] --START--
INFO: Run Behavior\BuildLiteBehavior [ RunTime:0.001000s ]
INFO: [ app_init ] --END-- [ RunTime:0.006001s ]
INFO: [ app_begin ] --START--
INFO: Run Behavior\ReadHtmlCacheBehavior [ RunTime:0.003000s ]
INFO: [ app_begin ] --END-- [ RunTime:0.007001s ]
SQL: SHOW COLUMNS FROM `client` [ RunTime:0.0060s ]
SQL: SELECT * FROM `client` WHERE ( eid='3' )  [ RunTime:0.0010s ]
INFO: [ app_end ] --START--
INFO: Run Behavior\ShowPageTraceBehavior [ RunTime:0.002000s ]
INFO: [ app_end ] --END-- [ RunTime:0.005000s ]

[ 2017-04-25T18:40:48+08:00 ] ::1 /Thinkphp/index.php/Home/Client/Client/ClientListByClick
INFO: [ app_init ] --START--
INFO: Run Behavior\BuildLiteBehavior [ RunTime:0.000000s ]
INFO: [ app_init ] --END-- [ RunTime:0.060003s ]
INFO: [ app_begin ] --START--
INFO: Run Behavior\ReadHtmlCacheBehavior [ RunTime:0.003000s ]
INFO: [ app_begin ] --END-- [ RunTime:0.007000s ]
SQL: SHOW COLUMNS FROM `client` [ RunTime:0.0050s ]
SQL: SHOW COLUMNS FROM `record` [ RunTime:0.0050s ]
ERR: 1064:You have an error in your SQL syntax; check the manual that corresponds to your MySQL server version for the right syntax to use near 'c.cid='1 )' at line 1
 [ SQL语句 ] : SELECT r.*,c.name,c.phone,c.site,c.level,e.turename FROM record r,clicent c,employee e WHERE ( r.cid=c.cid and r.eid=e.eid c.cid='1 ) 
ERR: 1064:You have an error in your SQL syntax; check the manual that corresponds to your MySQL server version for the right syntax to use near 'c.cid='1 )' at line 1
 [ SQL语句 ] : SELECT r.*,c.name,c.phone,c.site,c.level,e.turename FROM record r,clicent c,employee e WHERE ( r.cid=c.cid and r.eid=e.eid c.cid='1 ) 
NOTIC: [2] Cannot modify header information - headers already sent by (output started at D:\PHP-webapp\Thinkphp\ThinkPHP\Library\Think\Db\Driver.class.php:170) D:\PHP-webapp\Thinkphp\ThinkPHP\Library\Think\Think.class.php 第 229 行.
NOTIC: [2] Cannot modify header information - headers already sent by (output started at D:\PHP-webapp\Thinkphp\ThinkPHP\Library\Think\Db\Driver.class.php:170) D:\PHP-webapp\Thinkphp\ThinkPHP\Library\Think\Think.class.php 第 230 行.

[ 2017-04-25T18:40:49+08:00 ] ::1 /Thinkphp/index.php/Home/Client/Client/loadRecord/pageNo=1/pageSize=10/clientId/1
INFO: [ app_init ] --START--
INFO: Run Behavior\BuildLiteBehavior [ RunTime:0.001000s ]
INFO: [ app_init ] --END-- [ RunTime:0.005000s ]
INFO: [ app_begin ] --START--
INFO: Run Behavior\ReadHtmlCacheBehavior [ RunTime:0.005000s ]
INFO: [ app_begin ] --END-- [ RunTime:0.008001s ]
SQL: SHOW COLUMNS FROM `client` [ RunTime:0.0070s ]
NOTIC: [8] Undefined index: clientId D:\PHP-webapp\Thinkphp\Application\Home\Controller\Client\ClientController.class.php 第 62 行.
SQL: SHOW COLUMNS FROM `record` [ RunTime:0.0110s ]
ERR: 1064:You have an error in your SQL syntax; check the manual that corresponds to your MySQL server version for the right syntax to use near 'c.cid=' )' at line 1
 [ SQL语句 ] : SELECT r.*,c.name,c.phone,c.site,c.level,e.turename FROM record r,clicent c,employee e WHERE ( r.cid=c.cid and r.eid=e.eid c.cid=' ) 
ERR: 1064:You have an error in your SQL syntax; check the manual that corresponds to your MySQL server version for the right syntax to use near 'c.cid=' )' at line 1
 [ SQL语句 ] : SELECT r.*,c.name,c.phone,c.site,c.level,e.turename FROM record r,clicent c,employee e WHERE ( r.cid=c.cid and r.eid=e.eid c.cid=' ) 
NOTIC: [2] Cannot modify header information - headers already sent by (output started at D:\PHP-webapp\Thinkphp\ThinkPHP\Library\Think\Db\Driver.class.php:170) D:\PHP-webapp\Thinkphp\ThinkPHP\Library\Think\Think.class.php 第 229 行.
NOTIC: [2] Cannot modify header information - headers already sent by (output started at D:\PHP-webapp\Thinkphp\ThinkPHP\Library\Think\Db\Driver.class.php:170) D:\PHP-webapp\Thinkphp\ThinkPHP\Library\Think\Think.class.php 第 230 行.

[ 2017-04-25T18:42:04+08:00 ] ::1 /Thinkphp/index.php/Home/Houses/Houses/laodHousesList
INFO: [ app_init ] --START--
INFO: Run Behavior\BuildLiteBehavior [ RunTime:0.001000s ]
INFO: [ app_init ] --END-- [ RunTime:0.008000s ]
INFO: [ app_begin ] --START--
INFO: Run Behavior\ReadHtmlCacheBehavior [ RunTime:0.003000s ]
INFO: [ app_begin ] --END-- [ RunTime:0.006000s ]
SQL: SHOW COLUMNS FROM `houses` [ RunTime:0.0060s ]
SQL: SELECT COUNT(*) AS tp_count FROM `houses` LIMIT 1   [ RunTime:0.0070s ]
SQL: SELECT * FROM `houses` LIMIT 0,10   [ RunTime:0.0020s ]

[ 2017-04-25T18:42:08+08:00 ] ::1 /Thinkphp/index.php/Home/Schedule/Schedule/laodScheduleList
INFO: [ app_init ] --START--
INFO: Run Behavior\BuildLiteBehavior [ RunTime:0.001000s ]
INFO: [ app_init ] --END-- [ RunTime:0.007000s ]
INFO: [ app_begin ] --START--
INFO: Run Behavior\ReadHtmlCacheBehavior [ RunTime:0.002000s ]
INFO: [ app_begin ] --END-- [ RunTime:0.005000s ]
SQL: SHOW COLUMNS FROM `schedule` [ RunTime:0.0060s ]
SQL: SELECT COUNT(*) AS tp_count FROM `schedule` LIMIT 1   [ RunTime:0.0040s ]
SQL: SHOW COLUMNS FROM `employee` [ RunTime:0.0060s ]
SQL: SELECT e.turename,s.time,s.plan,s.sid FROM employee e,schedule s WHERE ( s.employeeID=e.eid ) LIMIT 0,10   [ RunTime:0.0010s ]

[ 2017-04-25T18:42:12+08:00 ] ::1 /Thinkphp/index.php/Home/Complain/Complain/LaodComplainList
INFO: [ app_init ] --START--
INFO: Run Behavior\BuildLiteBehavior [ RunTime:0.001001s ]
INFO: [ app_init ] --END-- [ RunTime:0.005001s ]
INFO: [ app_begin ] --START--
INFO: Run Behavior\ReadHtmlCacheBehavior [ RunTime:0.003000s ]
INFO: [ app_begin ] --END-- [ RunTime:0.008001s ]
SQL: SHOW COLUMNS FROM `complain` [ RunTime:0.0050s ]
SQL: SELECT COUNT(*) AS tp_count FROM `complain` LIMIT 1   [ RunTime:0.0040s ]
SQL: SELECT * FROM `complain` LIMIT 0,3   [ RunTime:0.0060s ]

[ 2017-04-25T18:42:17+08:00 ] ::1 /Thinkphp/index.php/Home/Client/Client/testTree
INFO: [ app_init ] --START--
INFO: Run Behavior\BuildLiteBehavior [ RunTime:0.000000s ]
INFO: [ app_init ] --END-- [ RunTime:0.005000s ]
INFO: [ app_begin ] --START--
INFO: Run Behavior\ReadHtmlCacheBehavior [ RunTime:0.002000s ]
INFO: [ app_begin ] --END-- [ RunTime:0.005000s ]
SQL: SHOW COLUMNS FROM `client` [ RunTime:0.0070s ]
SQL: SELECT * FROM `client` WHERE ( eid='3' )  [ RunTime:0.0020s ]
INFO: [ app_end ] --START--
INFO: Run Behavior\ShowPageTraceBehavior [ RunTime:0.002000s ]
INFO: [ app_end ] --END-- [ RunTime:0.005000s ]

